{"/Users/apmfree/Desktop/dev/blogger-app-2/src/App.tsx": {"path":"/Users/apmfree/Desktop/dev/blogger-app-2/src/App.tsx","statementMap":{"0":{"start":{"line":12,"column":2},"end":{"line":41,"column":4}}},"fnMap":{"0":{"name":"App","decl":{"start":{"line":11,"column":9},"end":{"line":11,"column":12}},"loc":{"start":{"line":11,"column":15},"end":{"line":42,"column":1}},"line":11}},"branchMap":{},"s":{"0":0},"f":{"0":0},"b":{},"_coverageSchema":"1a1c01bbd47fc00a2c39e90264f33305004495a9","hash":"62b18d6ab06eac0bf84ace2e0401268083bc4c2b"}
,"/Users/apmfree/Desktop/dev/blogger-app-2/src/main.tsx": {"path":"/Users/apmfree/Desktop/dev/blogger-app-2/src/main.tsx","statementMap":{"0":{"start":{"line":12,"column":13},"end":{"line":14,"column":1}},"1":{"start":{"line":15,"column":0},"end":{"line":28,"column":2}}},"fnMap":{},"branchMap":{},"s":{"0":0,"1":0},"f":{},"b":{}}
,"/Users/apmfree/Desktop/dev/blogger-app-2/src/reportWebVitals.ts": {"path":"/Users/apmfree/Desktop/dev/blogger-app-2/src/reportWebVitals.ts","statementMap":{"0":{"start":{"line":3,"column":24},"end":{"line":13,"column":1}},"1":{"start":{"line":4,"column":2},"end":{"line":12,"column":3}},"2":{"start":{"line":5,"column":4},"end":{"line":11,"column":7}},"3":{"start":{"line":6,"column":6},"end":{"line":6,"column":26}},"4":{"start":{"line":7,"column":6},"end":{"line":7,"column":26}},"5":{"start":{"line":8,"column":6},"end":{"line":8,"column":26}},"6":{"start":{"line":9,"column":6},"end":{"line":9,"column":26}},"7":{"start":{"line":10,"column":6},"end":{"line":10,"column":27}}},"fnMap":{"0":{"name":"(anonymous_0)","decl":{"start":{"line":3,"column":24},"end":{"line":3,"column":25}},"loc":{"start":{"line":3,"column":57},"end":{"line":13,"column":1}},"line":3},"1":{"name":"(anonymous_1)","decl":{"start":{"line":5,"column":30},"end":{"line":5,"column":31}},"loc":{"start":{"line":5,"column":79},"end":{"line":11,"column":5}},"line":5}},"branchMap":{"0":{"loc":{"start":{"line":4,"column":2},"end":{"line":12,"column":3}},"type":"if","locations":[{"start":{"line":4,"column":2},"end":{"line":12,"column":3}},{"start":{},"end":{}}],"line":4},"1":{"loc":{"start":{"line":4,"column":6},"end":{"line":4,"column":52}},"type":"binary-expr","locations":[{"start":{"line":4,"column":6},"end":{"line":4,"column":17}},{"start":{"line":4,"column":21},"end":{"line":4,"column":52}}],"line":4}},"s":{"0":0,"1":0,"2":0,"3":0,"4":0,"5":0,"6":0,"7":0},"f":{"0":0,"1":0},"b":{"0":[0,0],"1":[0,0]}}
,"/Users/apmfree/Desktop/dev/blogger-app-2/src/test-utils.tsx": {"path":"/Users/apmfree/Desktop/dev/blogger-app-2/src/test-utils.tsx","statementMap":{"0":{"start":{"line":10,"column":0},"end":{"line":14,"column":3}},"1":{"start":{"line":17,"column":32},"end":{"line":22,"column":1}},"2":{"start":{"line":18,"column":17},"end":{"line":18,"column":38}},"3":{"start":{"line":19,"column":18},"end":{"line":19,"column":44}},"4":{"start":{"line":20,"column":2},"end":{"line":20,"column":57}},"5":{"start":{"line":21,"column":2},"end":{"line":21,"column":16}},"6":{"start":{"line":24,"column":59},"end":{"line":36,"column":1}},"7":{"start":{"line":25,"column":22},"end":{"line":25,"column":47}},"8":{"start":{"line":26,"column":2},"end":{"line":35,"column":4}},"9":{"start":{"line":38,"column":21},"end":{"line":41,"column":57}},"10":{"start":{"line":41,"column":5},"end":{"line":41,"column":57}}},"fnMap":{"0":{"name":"(anonymous_0)","decl":{"start":{"line":13,"column":9},"end":{"line":13,"column":10}},"loc":{"start":{"line":13,"column":15},"end":{"line":13,"column":17}},"line":13},"1":{"name":"(anonymous_1)","decl":{"start":{"line":17,"column":32},"end":{"line":17,"column":33}},"loc":{"start":{"line":17,"column":38},"end":{"line":22,"column":1}},"line":17},"2":{"name":"(anonymous_2)","decl":{"start":{"line":24,"column":59},"end":{"line":24,"column":60}},"loc":{"start":{"line":24,"column":77},"end":{"line":36,"column":1}},"line":24},"3":{"name":"(anonymous_3)","decl":{"start":{"line":38,"column":21},"end":{"line":38,"column":22}},"loc":{"start":{"line":41,"column":5},"end":{"line":41,"column":57}},"line":41}},"branchMap":{},"s":{"0":3,"1":3,"2":55,"3":55,"4":55,"5":55,"6":3,"7":55,"8":55,"9":3,"10":34},"f":{"0":0,"1":55,"2":55,"3":34},"b":{},"_coverageSchema":"1a1c01bbd47fc00a2c39e90264f33305004495a9","hash":"59d1756deb51fc15132a88a4ceccf576e37f0f69"}
,"/Users/apmfree/Desktop/dev/blogger-app-2/src/vite-env.d.ts": {"path":"/Users/apmfree/Desktop/dev/blogger-app-2/src/vite-env.d.ts","statementMap":{},"fnMap":{},"branchMap":{},"s":{},"f":{},"b":{}}
,"/Users/apmfree/Desktop/dev/blogger-app-2/src/auth/useAuth.tsx": {"path":"/Users/apmfree/Desktop/dev/blogger-app-2/src/auth/useAuth.tsx","statementMap":{"0":{"start":{"line":27,"column":36},"end":{"line":27,"column":45}},"1":{"start":{"line":38,"column":4},"end":{"line":39,"column":53}},"2":{"start":{"line":38,"column":25},"end":{"line":38,"column":76}},"3":{"start":{"line":39,"column":9},"end":{"line":39,"column":53}},"4":{"start":{"line":41,"column":4},"end":{"line":67,"column":5}},"5":{"start":{"line":42,"column":52},"end":{"line":47,"column":8}},"6":{"start":{"line":49,"column":6},"end":{"line":53,"column":7}},"7":{"start":{"line":50,"column":24},"end":{"line":50,"column":73}},"8":{"start":{"line":51,"column":8},"end":{"line":51,"column":43}},"9":{"start":{"line":52,"column":8},"end":{"line":52,"column":15}},"10":{"start":{"line":55,"column":6},"end":{"line":60,"column":7}},"11":{"start":{"line":56,"column":8},"end":{"line":56,"column":71}},"12":{"start":{"line":59,"column":8},"end":{"line":59,"column":32}},"13":{"start":{"line":66,"column":6},"end":{"line":66,"column":66}},"14":{"start":{"line":71,"column":4},"end":{"line":71,"column":77}},"15":{"start":{"line":78,"column":4},"end":{"line":83,"column":6}},"16":{"start":{"line":88,"column":4},"end":{"line":88,"column":16}},"17":{"start":{"line":89,"column":4},"end":{"line":89,"column":42}},"18":{"start":{"line":93,"column":2},"end":{"line":97,"column":4}}},"fnMap":{"0":{"name":"useAuth","decl":{"start":{"line":25,"column":16},"end":{"line":25,"column":23}},"loc":{"start":{"line":25,"column":35},"end":{"line":98,"column":1}},"line":25},"1":{"name":"authServerCall","decl":{"start":{"line":29,"column":17},"end":{"line":29,"column":31}},"loc":{"start":{"line":34,"column":19},"end":{"line":68,"column":3}},"line":34},"2":{"name":"signin","decl":{"start":{"line":70,"column":17},"end":{"line":70,"column":23}},"loc":{"start":{"line":70,"column":72},"end":{"line":72,"column":3}},"line":70},"3":{"name":"signup","decl":{"start":{"line":73,"column":17},"end":{"line":73,"column":23}},"loc":{"start":{"line":77,"column":19},"end":{"line":84,"column":3}},"line":77},"4":{"name":"signout","decl":{"start":{"line":86,"column":11},"end":{"line":86,"column":18}},"loc":{"start":{"line":86,"column":27},"end":{"line":90,"column":3}},"line":86}},"branchMap":{"0":{"loc":{"start":{"line":38,"column":4},"end":{"line":39,"column":53}},"type":"if","locations":[{"start":{"line":38,"column":4},"end":{"line":39,"column":53}},{"start":{"line":39,"column":9},"end":{"line":39,"column":53}}],"line":38},"1":{"loc":{"start":{"line":49,"column":6},"end":{"line":53,"column":7}},"type":"if","locations":[{"start":{"line":49,"column":6},"end":{"line":53,"column":7}},{"start":{},"end":{}}],"line":49},"2":{"loc":{"start":{"line":50,"column":24},"end":{"line":50,"column":73}},"type":"cond-expr","locations":[{"start":{"line":50,"column":44},"end":{"line":50,"column":56}},{"start":{"line":50,"column":59},"end":{"line":50,"column":73}}],"line":50},"3":{"loc":{"start":{"line":55,"column":6},"end":{"line":60,"column":7}},"type":"if","locations":[{"start":{"line":55,"column":6},"end":{"line":60,"column":7}},{"start":{},"end":{}}],"line":55},"4":{"loc":{"start":{"line":55,"column":10},"end":{"line":55,"column":51}},"type":"binary-expr","locations":[{"start":{"line":55,"column":10},"end":{"line":55,"column":32}},{"start":{"line":55,"column":36},"end":{"line":55,"column":51}}],"line":55}},"s":{"0":99,"1":1,"2":0,"3":1,"4":1,"5":1,"6":0,"7":0,"8":0,"9":0,"10":0,"11":0,"12":0,"13":1,"14":1,"15":0,"16":0,"17":0,"18":99},"f":{"0":99,"1":1,"2":1,"3":0,"4":0},"b":{"0":[0,1],"1":[0,0],"2":[0,0],"3":[0,0],"4":[0,0]},"_coverageSchema":"1a1c01bbd47fc00a2c39e90264f33305004495a9","hash":"12d168baaaf8feb5c7438642e82efe12b8de190b"}
,"/Users/apmfree/Desktop/dev/blogger-app-2/src/axiosInstance/constants.ts": {"path":"/Users/apmfree/Desktop/dev/blogger-app-2/src/axiosInstance/constants.ts","statementMap":{"0":{"start":{"line":1,"column":23},"end":{"line":1,"column":51}}},"fnMap":{},"branchMap":{},"s":{"0":5},"f":{},"b":{},"_coverageSchema":"1a1c01bbd47fc00a2c39e90264f33305004495a9","hash":"d055cf97b039779ff89d882cd5703b3446449e56"}
,"/Users/apmfree/Desktop/dev/blogger-app-2/src/axiosInstance/index.ts": {"path":"/Users/apmfree/Desktop/dev/blogger-app-2/src/axiosInstance/index.ts","statementMap":{"0":{"start":{"line":7,"column":2},"end":{"line":7,"column":51}},"1":{"start":{"line":10,"column":35},"end":{"line":10,"column":55}},"2":{"start":{"line":11,"column":29},"end":{"line":11,"column":49}}},"fnMap":{"0":{"name":"getJWTHeader","decl":{"start":{"line":6,"column":16},"end":{"line":6,"column":28}},"loc":{"start":{"line":6,"column":65},"end":{"line":8,"column":1}},"line":6}},"branchMap":{},"s":{"0":0,"1":3,"2":3},"f":{"0":0},"b":{},"_coverageSchema":"1a1c01bbd47fc00a2c39e90264f33305004495a9","hash":"a855ed915bfdbf2e10407c89a88fe5246ef0c5c0"}
,"/Users/apmfree/Desktop/dev/blogger-app-2/src/components/dashboard/DashBoard.tsx": {"path":"/Users/apmfree/Desktop/dev/blogger-app-2/src/components/dashboard/DashBoard.tsx","statementMap":{"0":{"start":{"line":6,"column":18},"end":{"line":16,"column":1}},"1":{"start":{"line":7,"column":32},"end":{"line":7,"column":44}},"2":{"start":{"line":9,"column":2},"end":{"line":15,"column":4}}},"fnMap":{"0":{"name":"(anonymous_0)","decl":{"start":{"line":6,"column":18},"end":{"line":6,"column":19}},"loc":{"start":{"line":6,"column":24},"end":{"line":16,"column":1}},"line":6}},"branchMap":{},"s":{"0":1,"1":0,"2":0},"f":{"0":0},"b":{},"_coverageSchema":"1a1c01bbd47fc00a2c39e90264f33305004495a9","hash":"2b5e81a835d2f89a2f5cc0956da4c584cb049fa4"}
,"/Users/apmfree/Desktop/dev/blogger-app-2/src/components/dashboard/MarkdownEditor.tsx": {"path":"/Users/apmfree/Desktop/dev/blogger-app-2/src/components/dashboard/MarkdownEditor.tsx","statementMap":{"0":{"start":{"line":10,"column":48},"end":{"line":23,"column":1}},"1":{"start":{"line":11,"column":2},"end":{"line":22,"column":4}},"2":{"start":{"line":15,"column":25},"end":{"line":15,"column":44}}},"fnMap":{"0":{"name":"(anonymous_0)","decl":{"start":{"line":10,"column":48},"end":{"line":10,"column":49}},"loc":{"start":{"line":10,"column":77},"end":{"line":23,"column":1}},"line":10},"1":{"name":"(anonymous_1)","decl":{"start":{"line":15,"column":18},"end":{"line":15,"column":19}},"loc":{"start":{"line":15,"column":25},"end":{"line":15,"column":44}},"line":15}},"branchMap":{"0":{"loc":{"start":{"line":15,"column":36},"end":{"line":15,"column":43}},"type":"binary-expr","locations":[{"start":{"line":15,"column":36},"end":{"line":15,"column":37}},{"start":{"line":15,"column":41},"end":{"line":15,"column":43}}],"line":15}},"s":{"0":2,"1":1,"2":0},"f":{"0":1,"1":0},"b":{"0":[0,0]},"_coverageSchema":"1a1c01bbd47fc00a2c39e90264f33305004495a9","hash":"524b42950d4d9f8c7c73c1bb267a309eb01bdf7a"}
,"/Users/apmfree/Desktop/dev/blogger-app-2/src/components/dashboard/Publish.tsx": {"path":"/Users/apmfree/Desktop/dev/blogger-app-2/src/components/dashboard/Publish.tsx","statementMap":{"0":{"start":{"line":8,"column":31},"end":{"line":10,"column":1}},"1":{"start":{"line":9,"column":8},"end":{"line":9,"column":51}},"2":{"start":{"line":11,"column":18},"end":{"line":11,"column":66}},"3":{"start":{"line":11,"column":29},"end":{"line":11,"column":65}},"4":{"start":{"line":19,"column":40},"end":{"line":76,"column":1}},"5":{"start":{"line":21,"column":24},"end":{"line":21,"column":49}},"6":{"start":{"line":23,"column":19},"end":{"line":23,"column":35}},"7":{"start":{"line":25,"column":36},"end":{"line":25,"column":58}},"8":{"start":{"line":27,"column":36},"end":{"line":27,"column":75}},"9":{"start":{"line":30,"column":19},"end":{"line":40,"column":3}},"10":{"start":{"line":32,"column":4},"end":{"line":32,"column":16}},"11":{"start":{"line":34,"column":4},"end":{"line":34,"column":44}},"12":{"start":{"line":36,"column":4},"end":{"line":36,"column":28}},"13":{"start":{"line":39,"column":4},"end":{"line":39,"column":32}},"14":{"start":{"line":41,"column":2},"end":{"line":75,"column":4}},"15":{"start":{"line":47,"column":31},"end":{"line":47,"column":59}},"16":{"start":{"line":55,"column":31},"end":{"line":55,"column":57}},"17":{"start":{"line":63,"column":31},"end":{"line":63,"column":57}}},"fnMap":{"0":{"name":"(anonymous_0)","decl":{"start":{"line":9,"column":2},"end":{"line":9,"column":3}},"loc":{"start":{"line":9,"column":8},"end":{"line":9,"column":51}},"line":9},"1":{"name":"(anonymous_1)","decl":{"start":{"line":11,"column":23},"end":{"line":11,"column":24}},"loc":{"start":{"line":11,"column":29},"end":{"line":11,"column":65}},"line":11},"2":{"name":"(anonymous_2)","decl":{"start":{"line":19,"column":40},"end":{"line":19,"column":41}},"loc":{"start":{"line":19,"column":78},"end":{"line":76,"column":1}},"line":19},"3":{"name":"(anonymous_3)","decl":{"start":{"line":30,"column":19},"end":{"line":30,"column":20}},"loc":{"start":{"line":30,"column":45},"end":{"line":40,"column":3}},"line":30},"4":{"name":"(anonymous_4)","decl":{"start":{"line":47,"column":25},"end":{"line":47,"column":26}},"loc":{"start":{"line":47,"column":31},"end":{"line":47,"column":59}},"line":47},"5":{"name":"(anonymous_5)","decl":{"start":{"line":55,"column":25},"end":{"line":55,"column":26}},"loc":{"start":{"line":55,"column":31},"end":{"line":55,"column":57}},"line":55},"6":{"name":"(anonymous_6)","decl":{"start":{"line":63,"column":25},"end":{"line":63,"column":26}},"loc":{"start":{"line":63,"column":31},"end":{"line":63,"column":57}},"line":63}},"branchMap":{},"s":{"0":2,"1":1,"2":2,"3":1,"4":2,"5":44,"6":44,"7":44,"8":44,"9":44,"10":0,"11":0,"12":0,"13":0,"14":44,"15":0,"16":0,"17":0},"f":{"0":1,"1":1,"2":44,"3":0,"4":0,"5":0,"6":0},"b":{},"_coverageSchema":"1a1c01bbd47fc00a2c39e90264f33305004495a9","hash":"a9df2abd3f5342179dde6911d9ccc3d0a08e6de1"}
,"/Users/apmfree/Desktop/dev/blogger-app-2/src/components/dashboard/PublishButton.tsx": {"path":"/Users/apmfree/Desktop/dev/blogger-app-2/src/components/dashboard/PublishButton.tsx","statementMap":{"0":{"start":{"line":10,"column":45},"end":{"line":28,"column":1}},"1":{"start":{"line":15,"column":2},"end":{"line":27,"column":4}}},"fnMap":{"0":{"name":"(anonymous_0)","decl":{"start":{"line":10,"column":45},"end":{"line":10,"column":46}},"loc":{"start":{"line":14,"column":6},"end":{"line":28,"column":1}},"line":14}},"branchMap":{},"s":{"0":2,"1":132},"f":{"0":132},"b":{},"_coverageSchema":"1a1c01bbd47fc00a2c39e90264f33305004495a9","hash":"6d6660a20f060d406925f81d950eda318bf1aee4"}
,"/Users/apmfree/Desktop/dev/blogger-app-2/src/components/forms/FormButtons.tsx": {"path":"/Users/apmfree/Desktop/dev/blogger-app-2/src/components/forms/FormButtons.tsx","statementMap":{"0":{"start":{"line":4,"column":30},"end":{"line":30,"column":1}},"1":{"start":{"line":5,"column":25},"end":{"line":5,"column":50}},"2":{"start":{"line":6,"column":2},"end":{"line":29,"column":4}}},"fnMap":{"0":{"name":"(anonymous_0)","decl":{"start":{"line":4,"column":30},"end":{"line":4,"column":31}},"loc":{"start":{"line":4,"column":36},"end":{"line":30,"column":1}},"line":4}},"branchMap":{},"s":{"0":0,"1":0,"2":0},"f":{"0":0},"b":{}}
,"/Users/apmfree/Desktop/dev/blogger-app-2/src/components/forms/formModal.tsx": {"path":"/Users/apmfree/Desktop/dev/blogger-app-2/src/components/forms/formModal.tsx","statementMap":{"0":{"start":{"line":9,"column":44},"end":{"line":27,"column":1}},"1":{"start":{"line":11,"column":31},"end":{"line":11,"column":56}},"2":{"start":{"line":13,"column":2},"end":{"line":26,"column":4}}},"fnMap":{"0":{"name":"(anonymous_0)","decl":{"start":{"line":9,"column":44},"end":{"line":9,"column":45}},"loc":{"start":{"line":9,"column":69},"end":{"line":27,"column":1}},"line":9}},"branchMap":{"0":{"loc":{"start":{"line":14,"column":29},"end":{"line":14,"column":52}},"type":"cond-expr","locations":[{"start":{"line":14,"column":36},"end":{"line":14,"column":47}},{"start":{"line":14,"column":50},"end":{"line":14,"column":52}}],"line":14}},"s":{"0":1,"1":43,"2":43},"f":{"0":43},"b":{"0":[0,43]},"_coverageSchema":"1a1c01bbd47fc00a2c39e90264f33305004495a9","hash":"5bb52619c8eba5af3970ac2ad843b4573322b4d8"}
,"/Users/apmfree/Desktop/dev/blogger-app-2/src/components/forms/useForm.ts": {"path":"/Users/apmfree/Desktop/dev/blogger-app-2/src/components/forms/useForm.ts","statementMap":{"0":{"start":{"line":5,"column":30},"end":{"line":5,"column":47}},"1":{"start":{"line":6,"column":24},"end":{"line":6,"column":55}},"2":{"start":{"line":8,"column":2},"end":{"line":11,"column":31}},"3":{"start":{"line":10,"column":4},"end":{"line":10,"column":23}},"4":{"start":{"line":14,"column":32},"end":{"line":14,"column":40}},"5":{"start":{"line":16,"column":4},"end":{"line":18,"column":5}},"6":{"start":{"line":17,"column":6},"end":{"line":17,"column":30}},"7":{"start":{"line":20,"column":4},"end":{"line":23,"column":7}},"8":{"start":{"line":27,"column":4},"end":{"line":27,"column":23}},"9":{"start":{"line":30,"column":2},"end":{"line":34,"column":4}}},"fnMap":{"0":{"name":"useForm","decl":{"start":{"line":4,"column":24},"end":{"line":4,"column":31}},"loc":{"start":{"line":4,"column":62},"end":{"line":35,"column":1}},"line":4},"1":{"name":"(anonymous_1)","decl":{"start":{"line":8,"column":12},"end":{"line":8,"column":13}},"loc":{"start":{"line":8,"column":18},"end":{"line":11,"column":3}},"line":8},"2":{"name":"handleChange","decl":{"start":{"line":13,"column":11},"end":{"line":13,"column":23}},"loc":{"start":{"line":13,"column":32},"end":{"line":24,"column":3}},"line":13},"3":{"name":"resetForm","decl":{"start":{"line":26,"column":11},"end":{"line":26,"column":20}},"loc":{"start":{"line":26,"column":23},"end":{"line":28,"column":3}},"line":26}},"branchMap":{"0":{"loc":{"start":{"line":16,"column":4},"end":{"line":18,"column":5}},"type":"if","locations":[{"start":{"line":16,"column":4},"end":{"line":18,"column":5}},{"start":{},"end":{}}],"line":16}},"s":{"0":0,"1":0,"2":0,"3":0,"4":0,"5":0,"6":0,"7":0,"8":0,"9":0},"f":{"0":0,"1":0,"2":0,"3":0},"b":{"0":[0,0]}}
,"/Users/apmfree/Desktop/dev/blogger-app-2/src/components/hooks/useToast.ts": {"path":"/Users/apmfree/Desktop/dev/blogger-app-2/src/components/hooks/useToast.ts","statementMap":{"0":{"start":{"line":5,"column":2},"end":{"line":10,"column":5}}},"fnMap":{"0":{"name":"customToast","decl":{"start":{"line":4,"column":16},"end":{"line":4,"column":27}},"loc":{"start":{"line":4,"column":76},"end":{"line":11,"column":1}},"line":4}},"branchMap":{},"s":{"0":1},"f":{"0":1},"b":{},"_coverageSchema":"1a1c01bbd47fc00a2c39e90264f33305004495a9","hash":"67605ac29b8b785268040b0ec023d0a015ee609e"}
,"/Users/apmfree/Desktop/dev/blogger-app-2/src/components/posts/EditPost.tsx": {"path":"/Users/apmfree/Desktop/dev/blogger-app-2/src/components/posts/EditPost.tsx","statementMap":{"0":{"start":{"line":6,"column":17},"end":{"line":18,"column":1}},"1":{"start":{"line":7,"column":17},"end":{"line":7,"column":28}},"2":{"start":{"line":8,"column":43},"end":{"line":8,"column":69}},"3":{"start":{"line":10,"column":2},"end":{"line":10,"column":62}},"4":{"start":{"line":10,"column":28},"end":{"line":10,"column":62}},"5":{"start":{"line":11,"column":2},"end":{"line":17,"column":4}}},"fnMap":{"0":{"name":"(anonymous_0)","decl":{"start":{"line":6,"column":17},"end":{"line":6,"column":18}},"loc":{"start":{"line":6,"column":23},"end":{"line":18,"column":1}},"line":6}},"branchMap":{"0":{"loc":{"start":{"line":8,"column":58},"end":{"line":8,"column":68}},"type":"binary-expr","locations":[{"start":{"line":8,"column":58},"end":{"line":8,"column":60}},{"start":{"line":8,"column":64},"end":{"line":8,"column":68}}],"line":8},"1":{"loc":{"start":{"line":10,"column":2},"end":{"line":10,"column":62}},"type":"if","locations":[{"start":{"line":10,"column":2},"end":{"line":10,"column":62}},{"start":{},"end":{}}],"line":10}},"s":{"0":1,"1":0,"2":0,"3":0,"4":0,"5":0},"f":{"0":0},"b":{"0":[0,0],"1":[0,0]},"_coverageSchema":"1a1c01bbd47fc00a2c39e90264f33305004495a9","hash":"53baf9ac458b302e8bbbecafb60bead545f52d65"}
,"/Users/apmfree/Desktop/dev/blogger-app-2/src/components/posts/NewPostButton.tsx": {"path":"/Users/apmfree/Desktop/dev/blogger-app-2/src/components/posts/NewPostButton.tsx","statementMap":{"0":{"start":{"line":6,"column":22},"end":{"line":32,"column":1}},"1":{"start":{"line":7,"column":55},"end":{"line":7,"column":70}},"2":{"start":{"line":8,"column":19},"end":{"line":8,"column":32}},"3":{"start":{"line":9,"column":24},"end":{"line":11,"column":4}},"4":{"start":{"line":15,"column":2},"end":{"line":17,"column":18}},"5":{"start":{"line":16,"column":4},"end":{"line":16,"column":57}},"6":{"start":{"line":16,"column":29},"end":{"line":16,"column":57}},"7":{"start":{"line":19,"column":2},"end":{"line":31,"column":4}},"8":{"start":{"line":21,"column":21},"end":{"line":21,"column":33}}},"fnMap":{"0":{"name":"(anonymous_0)","decl":{"start":{"line":6,"column":22},"end":{"line":6,"column":23}},"loc":{"start":{"line":6,"column":28},"end":{"line":32,"column":1}},"line":6},"1":{"name":"(anonymous_1)","decl":{"start":{"line":15,"column":12},"end":{"line":15,"column":13}},"loc":{"start":{"line":15,"column":18},"end":{"line":17,"column":3}},"line":15},"2":{"name":"(anonymous_2)","decl":{"start":{"line":21,"column":15},"end":{"line":21,"column":16}},"loc":{"start":{"line":21,"column":21},"end":{"line":21,"column":33}},"line":21}},"branchMap":{"0":{"loc":{"start":{"line":16,"column":4},"end":{"line":16,"column":57}},"type":"if","locations":[{"start":{"line":16,"column":4},"end":{"line":16,"column":57}},{"start":{},"end":{}}],"line":16},"1":{"loc":{"start":{"line":16,"column":8},"end":{"line":16,"column":27}},"type":"binary-expr","locations":[{"start":{"line":16,"column":8},"end":{"line":16,"column":17}},{"start":{"line":16,"column":21},"end":{"line":16,"column":27}}],"line":16}},"s":{"0":1,"1":0,"2":0,"3":0,"4":0,"5":0,"6":0,"7":0,"8":0},"f":{"0":0,"1":0,"2":0},"b":{"0":[0,0],"1":[0,0]},"_coverageSchema":"1a1c01bbd47fc00a2c39e90264f33305004495a9","hash":"ac45fedae153546be63f304c406e980c2c06e20a"}
,"/Users/apmfree/Desktop/dev/blogger-app-2/src/components/posts/Pagination.tsx": {"path":"/Users/apmfree/Desktop/dev/blogger-app-2/src/components/posts/Pagination.tsx","statementMap":{"0":{"start":{"line":7,"column":19},"end":{"line":27,"column":1}},"1":{"start":{"line":8,"column":2},"end":{"line":26,"column":4}},"2":{"start":{"line":14,"column":10},"end":{"line":14,"column":28}},"3":{"start":{"line":22,"column":10},"end":{"line":22,"column":28}}},"fnMap":{"0":{"name":"(anonymous_0)","decl":{"start":{"line":7,"column":19},"end":{"line":7,"column":20}},"loc":{"start":{"line":7,"column":71},"end":{"line":27,"column":1}},"line":7},"1":{"name":"(anonymous_1)","decl":{"start":{"line":13,"column":17},"end":{"line":13,"column":18}},"loc":{"start":{"line":13,"column":23},"end":{"line":15,"column":9}},"line":13},"2":{"name":"(anonymous_2)","decl":{"start":{"line":21,"column":17},"end":{"line":21,"column":18}},"loc":{"start":{"line":21,"column":23},"end":{"line":23,"column":9}},"line":21}},"branchMap":{},"s":{"0":1,"1":0,"2":0,"3":0},"f":{"0":0,"1":0,"2":0},"b":{},"_coverageSchema":"1a1c01bbd47fc00a2c39e90264f33305004495a9","hash":"1470d9ffafa9f658d2f961572bf532f9ec518687"}
,"/Users/apmfree/Desktop/dev/blogger-app-2/src/components/posts/Posts.tsx": {"path":"/Users/apmfree/Desktop/dev/blogger-app-2/src/components/posts/Posts.tsx","statementMap":{"0":{"start":{"line":6,"column":14},"end":{"line":19,"column":1}},"1":{"start":{"line":7,"column":47},"end":{"line":7,"column":61}},"2":{"start":{"line":8,"column":2},"end":{"line":8,"column":51}},"3":{"start":{"line":8,"column":14},"end":{"line":8,"column":51}},"4":{"start":{"line":10,"column":2},"end":{"line":18,"column":4}}},"fnMap":{"0":{"name":"(anonymous_0)","decl":{"start":{"line":6,"column":14},"end":{"line":6,"column":15}},"loc":{"start":{"line":6,"column":20},"end":{"line":19,"column":1}},"line":6}},"branchMap":{"0":{"loc":{"start":{"line":8,"column":2},"end":{"line":8,"column":51}},"type":"if","locations":[{"start":{"line":8,"column":2},"end":{"line":8,"column":51}},{"start":{},"end":{}}],"line":8}},"s":{"0":1,"1":0,"2":0,"3":0,"4":0},"f":{"0":0},"b":{"0":[0,0]},"_coverageSchema":"1a1c01bbd47fc00a2c39e90264f33305004495a9","hash":"0dea786d0ac7369338f6fb5049fbca8e80c03db5"}
,"/Users/apmfree/Desktop/dev/blogger-app-2/src/components/posts/hooks/useCreatePost.ts": {"path":"/Users/apmfree/Desktop/dev/blogger-app-2/src/components/posts/hooks/useCreatePost.ts","statementMap":{"0":{"start":{"line":11,"column":2},"end":{"line":11,"column":25}},"1":{"start":{"line":11,"column":13},"end":{"line":11,"column":25}},"2":{"start":{"line":12,"column":40},"end":{"line":20,"column":3}},"3":{"start":{"line":21,"column":2},"end":{"line":21,"column":14}},"4":{"start":{"line":26,"column":19},"end":{"line":26,"column":28}},"5":{"start":{"line":33,"column":6},"end":{"line":39,"column":4}},"6":{"start":{"line":33,"column":24},"end":{"line":33,"column":42}},"7":{"start":{"line":36,"column":6},"end":{"line":36,"column":55}},"8":{"start":{"line":37,"column":6},"end":{"line":37,"column":48}},"9":{"start":{"line":41,"column":17},"end":{"line":41,"column":25}},"10":{"start":{"line":42,"column":2},"end":{"line":42,"column":54}}},"fnMap":{"0":{"name":"fetchNewPost","decl":{"start":{"line":10,"column":15},"end":{"line":10,"column":27}},"loc":{"start":{"line":10,"column":69},"end":{"line":22,"column":1}},"line":10},"1":{"name":"useCreatePost","decl":{"start":{"line":25,"column":16},"end":{"line":25,"column":29}},"loc":{"start":{"line":25,"column":32},"end":{"line":43,"column":1}},"line":25},"2":{"name":"(anonymous_2)","decl":{"start":{"line":33,"column":18},"end":{"line":33,"column":19}},"loc":{"start":{"line":33,"column":24},"end":{"line":33,"column":42}},"line":33},"3":{"name":"(anonymous_3)","decl":{"start":{"line":34,"column":15},"end":{"line":34,"column":16}},"loc":{"start":{"line":34,"column":21},"end":{"line":38,"column":5}},"line":34}},"branchMap":{"0":{"loc":{"start":{"line":11,"column":2},"end":{"line":11,"column":25}},"type":"if","locations":[{"start":{"line":11,"column":2},"end":{"line":11,"column":25}},{"start":{},"end":{}}],"line":11}},"s":{"0":0,"1":0,"2":0,"3":0,"4":0,"5":0,"6":0,"7":0,"8":0,"9":0,"10":0},"f":{"0":0,"1":0,"2":0,"3":0},"b":{"0":[0,0]},"_coverageSchema":"1a1c01bbd47fc00a2c39e90264f33305004495a9","hash":"10c6d44962153ee2fe34d23def25bc0a2e7aab0b"}
,"/Users/apmfree/Desktop/dev/blogger-app-2/src/components/posts/hooks/useDeletePost.ts": {"path":"/Users/apmfree/Desktop/dev/blogger-app-2/src/components/posts/hooks/useDeletePost.ts","statementMap":{"0":{"start":{"line":14,"column":2},"end":{"line":14,"column":25}},"1":{"start":{"line":14,"column":13},"end":{"line":14,"column":25}},"2":{"start":{"line":15,"column":44},"end":{"line":18,"column":3}},"3":{"start":{"line":19,"column":2},"end":{"line":19,"column":14}},"4":{"start":{"line":23,"column":22},"end":{"line":23,"column":38}},"5":{"start":{"line":24,"column":19},"end":{"line":24,"column":28}},"6":{"start":{"line":26,"column":21},"end":{"line":31,"column":4}},"7":{"start":{"line":26,"column":49},"end":{"line":26,"column":73}},"8":{"start":{"line":28,"column":6},"end":{"line":28,"column":55}},"9":{"start":{"line":29,"column":6},"end":{"line":29,"column":57}},"10":{"start":{"line":32,"column":2},"end":{"line":32,"column":16}}},"fnMap":{"0":{"name":"deleteUserPost","decl":{"start":{"line":10,"column":15},"end":{"line":10,"column":29}},"loc":{"start":{"line":13,"column":28},"end":{"line":20,"column":1}},"line":13},"1":{"name":"useDeletePost","decl":{"start":{"line":22,"column":16},"end":{"line":22,"column":29}},"loc":{"start":{"line":22,"column":32},"end":{"line":33,"column":1}},"line":22},"2":{"name":"(anonymous_2)","decl":{"start":{"line":26,"column":33},"end":{"line":26,"column":34}},"loc":{"start":{"line":26,"column":49},"end":{"line":26,"column":73}},"line":26},"3":{"name":"(anonymous_3)","decl":{"start":{"line":27,"column":15},"end":{"line":27,"column":16}},"loc":{"start":{"line":27,"column":21},"end":{"line":30,"column":5}},"line":27}},"branchMap":{"0":{"loc":{"start":{"line":14,"column":2},"end":{"line":14,"column":25}},"type":"if","locations":[{"start":{"line":14,"column":2},"end":{"line":14,"column":25}},{"start":{},"end":{}}],"line":14}},"s":{"0":0,"1":0,"2":0,"3":0,"4":0,"5":0,"6":0,"7":0,"8":0,"9":0,"10":0},"f":{"0":0,"1":0,"2":0,"3":0},"b":{"0":[0,0]},"_coverageSchema":"1a1c01bbd47fc00a2c39e90264f33305004495a9","hash":"b988273794af720de619fb5fb61244b966f2c2e7"}
,"/Users/apmfree/Desktop/dev/blogger-app-2/src/components/posts/hooks/usePost.ts": {"path":"/Users/apmfree/Desktop/dev/blogger-app-2/src/components/posts/hooks/usePost.ts","statementMap":{"0":{"start":{"line":8,"column":26},"end":{"line":8,"column":53}},"1":{"start":{"line":9,"column":24},"end":{"line":9,"column":51}},"2":{"start":{"line":10,"column":19},"end":{"line":10,"column":34}},"3":{"start":{"line":13,"column":2},"end":{"line":21,"column":32}},"4":{"start":{"line":14,"column":4},"end":{"line":14,"column":76}},"5":{"start":{"line":14,"column":40},"end":{"line":14,"column":76}},"6":{"start":{"line":15,"column":4},"end":{"line":17,"column":13}},"7":{"start":{"line":16,"column":6},"end":{"line":16,"column":40}},"8":{"start":{"line":16,"column":25},"end":{"line":16,"column":40}},"9":{"start":{"line":18,"column":4},"end":{"line":20,"column":6}},"10":{"start":{"line":19,"column":6},"end":{"line":19,"column":78}},"11":{"start":{"line":19,"column":42},"end":{"line":19,"column":78}},"12":{"start":{"line":23,"column":2},"end":{"line":23,"column":27}}},"fnMap":{"0":{"name":"usePost","decl":{"start":{"line":7,"column":16},"end":{"line":7,"column":23}},"loc":{"start":{"line":7,"column":26},"end":{"line":24,"column":1}},"line":7},"1":{"name":"(anonymous_1)","decl":{"start":{"line":13,"column":12},"end":{"line":13,"column":13}},"loc":{"start":{"line":13,"column":18},"end":{"line":21,"column":3}},"line":13},"2":{"name":"(anonymous_2)","decl":{"start":{"line":15,"column":46},"end":{"line":15,"column":47}},"loc":{"start":{"line":15,"column":52},"end":{"line":17,"column":5}},"line":15},"3":{"name":"(anonymous_3)","decl":{"start":{"line":18,"column":11},"end":{"line":18,"column":12}},"loc":{"start":{"line":18,"column":17},"end":{"line":20,"column":5}},"line":18}},"branchMap":{"0":{"loc":{"start":{"line":14,"column":4},"end":{"line":14,"column":76}},"type":"if","locations":[{"start":{"line":14,"column":4},"end":{"line":14,"column":76}},{"start":{},"end":{}}],"line":14},"1":{"loc":{"start":{"line":16,"column":6},"end":{"line":16,"column":40}},"type":"if","locations":[{"start":{"line":16,"column":6},"end":{"line":16,"column":40}},{"start":{},"end":{}}],"line":16},"2":{"loc":{"start":{"line":19,"column":6},"end":{"line":19,"column":78}},"type":"if","locations":[{"start":{"line":19,"column":6},"end":{"line":19,"column":78}},{"start":{},"end":{}}],"line":19}},"s":{"0":0,"1":0,"2":0,"3":0,"4":0,"5":0,"6":0,"7":0,"8":0,"9":0,"10":0,"11":0,"12":0},"f":{"0":0,"1":0,"2":0,"3":0},"b":{"0":[0,0],"1":[0,0],"2":[0,0]},"_coverageSchema":"1a1c01bbd47fc00a2c39e90264f33305004495a9","hash":"f0c5a208cc29963118dd4346f11403ed5e3cc3b8"}
,"/Users/apmfree/Desktop/dev/blogger-app-2/src/components/posts/hooks/usePostContent.ts": {"path":"/Users/apmfree/Desktop/dev/blogger-app-2/src/components/posts/hooks/usePostContent.ts","statementMap":{"0":{"start":{"line":17,"column":2},"end":{"line":17,"column":32}},"1":{"start":{"line":17,"column":20},"end":{"line":17,"column":32}},"2":{"start":{"line":18,"column":40},"end":{"line":21,"column":3}},"3":{"start":{"line":22,"column":2},"end":{"line":22,"column":14}},"4":{"start":{"line":32,"column":28},"end":{"line":32,"column":37}},"5":{"start":{"line":33,"column":19},"end":{"line":33,"column":28}},"6":{"start":{"line":37,"column":29},"end":{"line":41,"column":3}},"7":{"start":{"line":39,"column":10},"end":{"line":39,"column":37}},"8":{"start":{"line":44,"column":2},"end":{"line":46,"column":35}},"9":{"start":{"line":45,"column":4},"end":{"line":45,"column":36}},"10":{"start":{"line":45,"column":18},"end":{"line":45,"column":36}},"11":{"start":{"line":49,"column":22},"end":{"line":49,"column":43}},"12":{"start":{"line":52,"column":26},"end":{"line":56,"column":3}},"13":{"start":{"line":53,"column":4},"end":{"line":53,"column":30}},"14":{"start":{"line":53,"column":23},"end":{"line":53,"column":30}},"15":{"start":{"line":54,"column":30},"end":{"line":54,"column":50}},"16":{"start":{"line":55,"column":4},"end":{"line":55,"column":25}},"17":{"start":{"line":58,"column":2},"end":{"line":61,"column":4}}},"fnMap":{"0":{"name":"fetchUserPostById","decl":{"start":{"line":13,"column":15},"end":{"line":13,"column":32}},"loc":{"start":{"line":16,"column":24},"end":{"line":23,"column":1}},"line":16},"1":{"name":"usePostContent","decl":{"start":{"line":31,"column":16},"end":{"line":31,"column":30}},"loc":{"start":{"line":31,"column":66},"end":{"line":62,"column":1}},"line":31},"2":{"name":"(anonymous_2)","decl":{"start":{"line":39,"column":4},"end":{"line":39,"column":5}},"loc":{"start":{"line":39,"column":10},"end":{"line":39,"column":37}},"line":39},"3":{"name":"(anonymous_3)","decl":{"start":{"line":44,"column":12},"end":{"line":44,"column":13}},"loc":{"start":{"line":44,"column":18},"end":{"line":46,"column":3}},"line":44},"4":{"name":"(anonymous_4)","decl":{"start":{"line":52,"column":26},"end":{"line":52,"column":27}},"loc":{"start":{"line":52,"column":47},"end":{"line":56,"column":3}},"line":52}},"branchMap":{"0":{"loc":{"start":{"line":17,"column":2},"end":{"line":17,"column":32}},"type":"if","locations":[{"start":{"line":17,"column":2},"end":{"line":17,"column":32}},{"start":{},"end":{}}],"line":17},"1":{"loc":{"start":{"line":17,"column":6},"end":{"line":17,"column":18}},"type":"binary-expr","locations":[{"start":{"line":17,"column":6},"end":{"line":17,"column":11}},{"start":{"line":17,"column":15},"end":{"line":17,"column":18}}],"line":17},"2":{"loc":{"start":{"line":31,"column":31},"end":{"line":31,"column":55}},"type":"default-arg","locations":[{"start":{"line":31,"column":51},"end":{"line":31,"column":55}}],"line":31},"3":{"loc":{"start":{"line":45,"column":4},"end":{"line":45,"column":36}},"type":"if","locations":[{"start":{"line":45,"column":4},"end":{"line":45,"column":36}},{"start":{},"end":{}}],"line":45},"4":{"loc":{"start":{"line":49,"column":22},"end":{"line":49,"column":43}},"type":"binary-expr","locations":[{"start":{"line":49,"column":22},"end":{"line":49,"column":35}},{"start":{"line":49,"column":39},"end":{"line":49,"column":43}}],"line":49},"5":{"loc":{"start":{"line":53,"column":4},"end":{"line":53,"column":30}},"type":"if","locations":[{"start":{"line":53,"column":4},"end":{"line":53,"column":30}},{"start":{},"end":{}}],"line":53}},"s":{"0":0,"1":0,"2":0,"3":0,"4":0,"5":0,"6":0,"7":0,"8":0,"9":0,"10":0,"11":0,"12":0,"13":0,"14":0,"15":0,"16":0,"17":0},"f":{"0":0,"1":0,"2":0,"3":0,"4":0},"b":{"0":[0,0],"1":[0,0],"2":[0],"3":[0,0],"4":[0,0],"5":[0,0]},"_coverageSchema":"1a1c01bbd47fc00a2c39e90264f33305004495a9","hash":"12a97d9187c7708c3139f9554682ddf5121e5fd4"}
,"/Users/apmfree/Desktop/dev/blogger-app-2/src/components/posts/hooks/useUpdatePost.ts": {"path":"/Users/apmfree/Desktop/dev/blogger-app-2/src/components/posts/hooks/useUpdatePost.ts","statementMap":{"0":{"start":{"line":10,"column":2},"end":{"line":10,"column":20}},"1":{"start":{"line":10,"column":13},"end":{"line":10,"column":20}},"2":{"start":{"line":11,"column":45},"end":{"line":11,"column":49}},"3":{"start":{"line":12,"column":2},"end":{"line":16,"column":4}},"4":{"start":{"line":20,"column":22},"end":{"line":20,"column":38}},"5":{"start":{"line":21,"column":19},"end":{"line":21,"column":28}},"6":{"start":{"line":23,"column":21},"end":{"line":28,"column":4}},"7":{"start":{"line":23,"column":49},"end":{"line":23,"column":75}},"8":{"start":{"line":25,"column":6},"end":{"line":25,"column":55}},"9":{"start":{"line":26,"column":6},"end":{"line":26,"column":46}},"10":{"start":{"line":29,"column":2},"end":{"line":29,"column":16}}},"fnMap":{"0":{"name":"updateUserPost","decl":{"start":{"line":9,"column":15},"end":{"line":9,"column":29}},"loc":{"start":{"line":9,"column":76},"end":{"line":17,"column":1}},"line":9},"1":{"name":"useUpdatePost","decl":{"start":{"line":19,"column":16},"end":{"line":19,"column":29}},"loc":{"start":{"line":19,"column":32},"end":{"line":30,"column":1}},"line":19},"2":{"name":"(anonymous_2)","decl":{"start":{"line":23,"column":33},"end":{"line":23,"column":34}},"loc":{"start":{"line":23,"column":49},"end":{"line":23,"column":75}},"line":23},"3":{"name":"(anonymous_3)","decl":{"start":{"line":24,"column":15},"end":{"line":24,"column":16}},"loc":{"start":{"line":24,"column":21},"end":{"line":27,"column":5}},"line":24}},"branchMap":{"0":{"loc":{"start":{"line":10,"column":2},"end":{"line":10,"column":20}},"type":"if","locations":[{"start":{"line":10,"column":2},"end":{"line":10,"column":20}},{"start":{},"end":{}}],"line":10}},"s":{"0":0,"1":0,"2":0,"3":0,"4":0,"5":0,"6":0,"7":0,"8":0,"9":0,"10":0},"f":{"0":0,"1":0,"2":0,"3":0},"b":{"0":[0,0]},"_coverageSchema":"1a1c01bbd47fc00a2c39e90264f33305004495a9","hash":"a755990f97942e1c12f92b20c064896852e7b439"}
,"/Users/apmfree/Desktop/dev/blogger-app-2/src/components/posts/hooks/useUserPosts.ts": {"path":"/Users/apmfree/Desktop/dev/blogger-app-2/src/components/posts/hooks/useUserPosts.ts","statementMap":{"0":{"start":{"line":9,"column":20},"end":{"line":9,"column":21}},"1":{"start":{"line":10,"column":21},"end":{"line":10,"column":22}},"2":{"start":{"line":17,"column":2},"end":{"line":17,"column":25}},"3":{"start":{"line":17,"column":13},"end":{"line":17,"column":25}},"4":{"start":{"line":18,"column":44},"end":{"line":21,"column":3}},"5":{"start":{"line":22,"column":2},"end":{"line":22,"column":14}},"6":{"start":{"line":36,"column":26},"end":{"line":36,"column":37}},"7":{"start":{"line":37,"column":19},"end":{"line":37,"column":28}},"8":{"start":{"line":38,"column":22},"end":{"line":38,"column":38}},"9":{"start":{"line":41,"column":29},"end":{"line":45,"column":3}},"10":{"start":{"line":43,"column":10},"end":{"line":43,"column":36}},"11":{"start":{"line":48,"column":2},"end":{"line":55,"column":32}},"12":{"start":{"line":49,"column":4},"end":{"line":54,"column":5}},"13":{"start":{"line":50,"column":6},"end":{"line":53,"column":8}},"14":{"start":{"line":52,"column":14},"end":{"line":52,"column":44}},"15":{"start":{"line":57,"column":16},"end":{"line":57,"column":39}},"16":{"start":{"line":58,"column":21},"end":{"line":58,"column":46}},"17":{"start":{"line":59,"column":21},"end":{"line":59,"column":46}},"18":{"start":{"line":61,"column":2},"end":{"line":67,"column":4}}},"fnMap":{"0":{"name":"fetchUserPosts","decl":{"start":{"line":13,"column":15},"end":{"line":13,"column":29}},"loc":{"start":{"line":16,"column":28},"end":{"line":23,"column":1}},"line":16},"1":{"name":"useUserPosts","decl":{"start":{"line":34,"column":16},"end":{"line":34,"column":28}},"loc":{"start":{"line":34,"column":40},"end":{"line":68,"column":1}},"line":34},"2":{"name":"(anonymous_2)","decl":{"start":{"line":43,"column":4},"end":{"line":43,"column":5}},"loc":{"start":{"line":43,"column":10},"end":{"line":43,"column":36}},"line":43},"3":{"name":"(anonymous_3)","decl":{"start":{"line":48,"column":12},"end":{"line":48,"column":13}},"loc":{"start":{"line":48,"column":18},"end":{"line":55,"column":3}},"line":48},"4":{"name":"(anonymous_4)","decl":{"start":{"line":52,"column":8},"end":{"line":52,"column":9}},"loc":{"start":{"line":52,"column":14},"end":{"line":52,"column":44}},"line":52}},"branchMap":{"0":{"loc":{"start":{"line":17,"column":2},"end":{"line":17,"column":25}},"type":"if","locations":[{"start":{"line":17,"column":2},"end":{"line":17,"column":25}},{"start":{},"end":{}}],"line":17},"1":{"loc":{"start":{"line":49,"column":4},"end":{"line":54,"column":5}},"type":"if","locations":[{"start":{"line":49,"column":4},"end":{"line":54,"column":5}},{"start":{},"end":{}}],"line":49},"2":{"loc":{"start":{"line":57,"column":16},"end":{"line":57,"column":39}},"type":"binary-expr","locations":[{"start":{"line":57,"column":16},"end":{"line":57,"column":31}},{"start":{"line":57,"column":35},"end":{"line":57,"column":39}}],"line":57},"3":{"loc":{"start":{"line":58,"column":21},"end":{"line":58,"column":46}},"type":"binary-expr","locations":[{"start":{"line":58,"column":21},"end":{"line":58,"column":41}},{"start":{"line":58,"column":45},"end":{"line":58,"column":46}}],"line":58},"4":{"loc":{"start":{"line":59,"column":21},"end":{"line":59,"column":46}},"type":"binary-expr","locations":[{"start":{"line":59,"column":21},"end":{"line":59,"column":41}},{"start":{"line":59,"column":45},"end":{"line":59,"column":46}}],"line":59}},"s":{"0":1,"1":1,"2":0,"3":0,"4":0,"5":0,"6":0,"7":0,"8":0,"9":0,"10":0,"11":0,"12":0,"13":0,"14":0,"15":0,"16":0,"17":0,"18":0},"f":{"0":0,"1":0,"2":0,"3":0,"4":0},"b":{"0":[0,0],"1":[0,0],"2":[0,0],"3":[0,0],"4":[0,0]},"_coverageSchema":"1a1c01bbd47fc00a2c39e90264f33305004495a9","hash":"a8f6f9b559f1c408dede4a6228da50432a8f20f0"}
,"/Users/apmfree/Desktop/dev/blogger-app-2/src/components/posts/table/PostRow.tsx": {"path":"/Users/apmfree/Desktop/dev/blogger-app-2/src/components/posts/table/PostRow.tsx","statementMap":{"0":{"start":{"line":5,"column":16},"end":{"line":41,"column":1}},"1":{"start":{"line":6,"column":21},"end":{"line":6,"column":36}},"2":{"start":{"line":8,"column":31},"end":{"line":12,"column":3}},"3":{"start":{"line":9,"column":4},"end":{"line":11,"column":5}},"4":{"start":{"line":10,"column":6},"end":{"line":10,"column":25}},"5":{"start":{"line":15,"column":22},"end":{"line":19,"column":3}},"6":{"start":{"line":21,"column":2},"end":{"line":40,"column":4}},"7":{"start":{"line":29,"column":25},"end":{"line":29,"column":54}}},"fnMap":{"0":{"name":"(anonymous_0)","decl":{"start":{"line":5,"column":16},"end":{"line":5,"column":17}},"loc":{"start":{"line":5,"column":46},"end":{"line":41,"column":1}},"line":5},"1":{"name":"(anonymous_1)","decl":{"start":{"line":8,"column":31},"end":{"line":8,"column":32}},"loc":{"start":{"line":8,"column":51},"end":{"line":12,"column":3}},"line":8},"2":{"name":"(anonymous_2)","decl":{"start":{"line":29,"column":19},"end":{"line":29,"column":20}},"loc":{"start":{"line":29,"column":25},"end":{"line":29,"column":54}},"line":29}},"branchMap":{"0":{"loc":{"start":{"line":9,"column":4},"end":{"line":11,"column":5}},"type":"if","locations":[{"start":{"line":9,"column":4},"end":{"line":11,"column":5}},{"start":{},"end":{}}],"line":9},"1":{"loc":{"start":{"line":15,"column":22},"end":{"line":19,"column":3}},"type":"cond-expr","locations":[{"start":{"line":16,"column":4},"end":{"line":16,"column":61}},{"start":{"line":18,"column":4},"end":{"line":18,"column":64}}],"line":15}},"s":{"0":1,"1":0,"2":0,"3":0,"4":0,"5":0,"6":0,"7":0},"f":{"0":0,"1":0,"2":0},"b":{"0":[0,0],"1":[0,0]},"_coverageSchema":"1a1c01bbd47fc00a2c39e90264f33305004495a9","hash":"40a39eb2e20db4d078d0e7a443aab61c22ad858e"}
,"/Users/apmfree/Desktop/dev/blogger-app-2/src/components/posts/table/PostTable.tsx": {"path":"/Users/apmfree/Desktop/dev/blogger-app-2/src/components/posts/table/PostTable.tsx","statementMap":{"0":{"start":{"line":8,"column":18},"end":{"line":26,"column":1}},"1":{"start":{"line":9,"column":2},"end":{"line":25,"column":4}},"2":{"start":{"line":21,"column":10},"end":{"line":21,"column":33}}},"fnMap":{"0":{"name":"(anonymous_0)","decl":{"start":{"line":8,"column":18},"end":{"line":8,"column":19}},"loc":{"start":{"line":8,"column":49},"end":{"line":26,"column":1}},"line":8},"1":{"name":"(anonymous_1)","decl":{"start":{"line":20,"column":19},"end":{"line":20,"column":20}},"loc":{"start":{"line":21,"column":10},"end":{"line":21,"column":33}},"line":21}},"branchMap":{},"s":{"0":1,"1":0,"2":0},"f":{"0":0,"1":0},"b":{},"_coverageSchema":"1a1c01bbd47fc00a2c39e90264f33305004495a9","hash":"a6c33f8984edc834f277de212c6b692c880caf93"}
,"/Users/apmfree/Desktop/dev/blogger-app-2/src/components/tag/TagInput.tsx": {"path":"/Users/apmfree/Desktop/dev/blogger-app-2/src/components/tag/TagInput.tsx","statementMap":{"0":{"start":{"line":6,"column":17},"end":{"line":9,"column":1}},"1":{"start":{"line":11,"column":19},"end":{"line":11,"column":51}},"2":{"start":{"line":18,"column":42},"end":{"line":57,"column":1}},"3":{"start":{"line":19,"column":23},"end":{"line":21,"column":3}},"4":{"start":{"line":20,"column":4},"end":{"line":20,"column":54}},"5":{"start":{"line":20,"column":40},"end":{"line":20,"column":51}},"6":{"start":{"line":23,"column":25},"end":{"line":25,"column":3}},"7":{"start":{"line":24,"column":4},"end":{"line":24,"column":28}},"8":{"start":{"line":27,"column":21},"end":{"line":35,"column":3}},"9":{"start":{"line":28,"column":20},"end":{"line":28,"column":32}},"10":{"start":{"line":30,"column":4},"end":{"line":30,"column":31}},"11":{"start":{"line":31,"column":4},"end":{"line":31,"column":35}},"12":{"start":{"line":34,"column":4},"end":{"line":34,"column":21}},"13":{"start":{"line":37,"column":25},"end":{"line":39,"column":3}},"14":{"start":{"line":38,"column":4},"end":{"line":38,"column":62}},"15":{"start":{"line":41,"column":2},"end":{"line":56,"column":4}}},"fnMap":{"0":{"name":"(anonymous_0)","decl":{"start":{"line":18,"column":42},"end":{"line":18,"column":43}},"loc":{"start":{"line":18,"column":65},"end":{"line":57,"column":1}},"line":18},"1":{"name":"(anonymous_1)","decl":{"start":{"line":19,"column":23},"end":{"line":19,"column":24}},"loc":{"start":{"line":19,"column":38},"end":{"line":21,"column":3}},"line":19},"2":{"name":"(anonymous_2)","decl":{"start":{"line":20,"column":24},"end":{"line":20,"column":25}},"loc":{"start":{"line":20,"column":40},"end":{"line":20,"column":51}},"line":20},"3":{"name":"(anonymous_3)","decl":{"start":{"line":23,"column":25},"end":{"line":23,"column":26}},"loc":{"start":{"line":23,"column":43},"end":{"line":25,"column":3}},"line":23},"4":{"name":"(anonymous_4)","decl":{"start":{"line":27,"column":21},"end":{"line":27,"column":22}},"loc":{"start":{"line":27,"column":72},"end":{"line":35,"column":3}},"line":27},"5":{"name":"(anonymous_5)","decl":{"start":{"line":37,"column":25},"end":{"line":37,"column":26}},"loc":{"start":{"line":37,"column":44},"end":{"line":39,"column":3}},"line":37}},"branchMap":{},"s":{"0":0,"1":0,"2":0,"3":0,"4":0,"5":0,"6":0,"7":0,"8":0,"9":0,"10":0,"11":0,"12":0,"13":0,"14":0,"15":0},"f":{"0":0,"1":0,"2":0,"3":0,"4":0,"5":0},"b":{}}
,"/Users/apmfree/Desktop/dev/blogger-app-2/src/components/tag/tagType.ts": {"path":"/Users/apmfree/Desktop/dev/blogger-app-2/src/components/tag/tagType.ts","statementMap":{},"fnMap":{},"branchMap":{},"s":{},"f":{},"b":{}}
,"/Users/apmfree/Desktop/dev/blogger-app-2/src/components/user/SignIn.tsx": {"path":"/Users/apmfree/Desktop/dev/blogger-app-2/src/components/user/SignIn.tsx","statementMap":{"0":{"start":{"line":13,"column":25},"end":{"line":99,"column":1}},"1":{"start":{"line":14,"column":28},"end":{"line":14,"column":40}},"2":{"start":{"line":15,"column":34},"end":{"line":15,"column":46}},"3":{"start":{"line":16,"column":23},"end":{"line":16,"column":32}},"4":{"start":{"line":17,"column":19},"end":{"line":17,"column":28}},"5":{"start":{"line":20,"column":2},"end":{"line":23,"column":3}},"6":{"start":{"line":22,"column":4},"end":{"line":22,"column":31}},"7":{"start":{"line":25,"column":33},"end":{"line":36,"column":3}},"8":{"start":{"line":27,"column":25},"end":{"line":27,"column":73}},"9":{"start":{"line":29,"column":4},"end":{"line":35,"column":5}},"10":{"start":{"line":31,"column":6},"end":{"line":31,"column":70}},"11":{"start":{"line":34,"column":6},"end":{"line":34,"column":43}},"12":{"start":{"line":38,"column":2},"end":{"line":98,"column":4}},"13":{"start":{"line":50,"column":31},"end":{"line":50,"column":55}},"14":{"start":{"line":71,"column":31},"end":{"line":71,"column":58}}},"fnMap":{"0":{"name":"(anonymous_0)","decl":{"start":{"line":13,"column":25},"end":{"line":13,"column":26}},"loc":{"start":{"line":13,"column":31},"end":{"line":99,"column":1}},"line":13},"1":{"name":"(anonymous_1)","decl":{"start":{"line":25,"column":33},"end":{"line":25,"column":34}},"loc":{"start":{"line":25,"column":39},"end":{"line":36,"column":3}},"line":25},"2":{"name":"(anonymous_2)","decl":{"start":{"line":50,"column":24},"end":{"line":50,"column":25}},"loc":{"start":{"line":50,"column":31},"end":{"line":50,"column":55}},"line":50},"3":{"name":"(anonymous_3)","decl":{"start":{"line":71,"column":24},"end":{"line":71,"column":25}},"loc":{"start":{"line":71,"column":31},"end":{"line":71,"column":58}},"line":71}},"branchMap":{"0":{"loc":{"start":{"line":20,"column":2},"end":{"line":23,"column":3}},"type":"if","locations":[{"start":{"line":20,"column":2},"end":{"line":23,"column":3}},{"start":{},"end":{}}],"line":20},"1":{"loc":{"start":{"line":29,"column":4},"end":{"line":35,"column":5}},"type":"if","locations":[{"start":{"line":29,"column":4},"end":{"line":35,"column":5}},{"start":{"line":32,"column":11},"end":{"line":35,"column":5}}],"line":29},"2":{"loc":{"start":{"line":83,"column":24},"end":{"line":83,"column":43}},"type":"binary-expr","locations":[{"start":{"line":83,"column":24},"end":{"line":83,"column":30}},{"start":{"line":83,"column":34},"end":{"line":83,"column":43}}],"line":83}},"s":{"0":2,"1":48,"2":48,"3":48,"4":48,"5":48,"6":0,"7":48,"8":1,"9":1,"10":0,"11":1,"12":48,"13":35,"14":7},"f":{"0":48,"1":1,"2":35,"3":7},"b":{"0":[0,48],"1":[0,1],"2":[48,42]},"_coverageSchema":"1a1c01bbd47fc00a2c39e90264f33305004495a9","hash":"132009708def4024f24415749b9633a8f0f93280"}
,"/Users/apmfree/Desktop/dev/blogger-app-2/src/components/user/SignUp.tsx": {"path":"/Users/apmfree/Desktop/dev/blogger-app-2/src/components/user/SignUp.tsx","statementMap":{"0":{"start":{"line":13,"column":25},"end":{"line":119,"column":1}},"1":{"start":{"line":14,"column":28},"end":{"line":14,"column":40}},"2":{"start":{"line":15,"column":34},"end":{"line":15,"column":46}},"3":{"start":{"line":16,"column":48},"end":{"line":16,"column":60}},"4":{"start":{"line":17,"column":23},"end":{"line":17,"column":32}},"5":{"start":{"line":18,"column":19},"end":{"line":18,"column":28}},"6":{"start":{"line":21,"column":2},"end":{"line":24,"column":3}},"7":{"start":{"line":23,"column":4},"end":{"line":23,"column":31}},"8":{"start":{"line":26,"column":34},"end":{"line":41,"column":3}},"9":{"start":{"line":28,"column":25},"end":{"line":32,"column":6}},"10":{"start":{"line":34,"column":4},"end":{"line":40,"column":5}},"11":{"start":{"line":36,"column":6},"end":{"line":36,"column":70}},"12":{"start":{"line":39,"column":6},"end":{"line":39,"column":60}},"13":{"start":{"line":43,"column":2},"end":{"line":118,"column":4}},"14":{"start":{"line":54,"column":31},"end":{"line":54,"column":55}},"15":{"start":{"line":75,"column":31},"end":{"line":75,"column":58}},"16":{"start":{"line":91,"column":31},"end":{"line":91,"column":65}}},"fnMap":{"0":{"name":"(anonymous_0)","decl":{"start":{"line":13,"column":25},"end":{"line":13,"column":26}},"loc":{"start":{"line":13,"column":31},"end":{"line":119,"column":1}},"line":13},"1":{"name":"(anonymous_1)","decl":{"start":{"line":26,"column":34},"end":{"line":26,"column":35}},"loc":{"start":{"line":26,"column":40},"end":{"line":41,"column":3}},"line":26},"2":{"name":"(anonymous_2)","decl":{"start":{"line":54,"column":24},"end":{"line":54,"column":25}},"loc":{"start":{"line":54,"column":31},"end":{"line":54,"column":55}},"line":54},"3":{"name":"(anonymous_3)","decl":{"start":{"line":75,"column":24},"end":{"line":75,"column":25}},"loc":{"start":{"line":75,"column":31},"end":{"line":75,"column":58}},"line":75},"4":{"name":"(anonymous_4)","decl":{"start":{"line":91,"column":24},"end":{"line":91,"column":25}},"loc":{"start":{"line":91,"column":31},"end":{"line":91,"column":65}},"line":91}},"branchMap":{"0":{"loc":{"start":{"line":21,"column":2},"end":{"line":24,"column":3}},"type":"if","locations":[{"start":{"line":21,"column":2},"end":{"line":24,"column":3}},{"start":{},"end":{}}],"line":21},"1":{"loc":{"start":{"line":34,"column":4},"end":{"line":40,"column":5}},"type":"if","locations":[{"start":{"line":34,"column":4},"end":{"line":40,"column":5}},{"start":{"line":37,"column":11},"end":{"line":40,"column":5}}],"line":34},"2":{"loc":{"start":{"line":103,"column":24},"end":{"line":103,"column":63}},"type":"binary-expr","locations":[{"start":{"line":103,"column":24},"end":{"line":103,"column":30}},{"start":{"line":103,"column":34},"end":{"line":103,"column":43}},{"start":{"line":103,"column":47},"end":{"line":103,"column":63}}],"line":103}},"s":{"0":2,"1":51,"2":51,"3":51,"4":51,"5":51,"6":51,"7":0,"8":51,"9":0,"10":0,"11":0,"12":0,"13":51,"14":34,"15":6,"16":6},"f":{"0":51,"1":0,"2":34,"3":6,"4":6},"b":{"0":[0,51],"1":[0,0],"2":[51,46,12]},"_coverageSchema":"1a1c01bbd47fc00a2c39e90264f33305004495a9","hash":"1539ed934449432d7ac95101c6e6d90b756462f1"}
,"/Users/apmfree/Desktop/dev/blogger-app-2/src/components/user/hooks/useUser.ts": {"path":"/Users/apmfree/Desktop/dev/blogger-app-2/src/components/user/hooks/useUser.ts","statementMap":{"0":{"start":{"line":9,"column":2},"end":{"line":9,"column":25}},"1":{"start":{"line":9,"column":13},"end":{"line":9,"column":25}},"2":{"start":{"line":10,"column":40},"end":{"line":12,"column":3}},"3":{"start":{"line":13,"column":2},"end":{"line":13,"column":14}},"4":{"start":{"line":23,"column":22},"end":{"line":23,"column":38}},"5":{"start":{"line":24,"column":25},"end":{"line":37,"column":3}},"6":{"start":{"line":26,"column":10},"end":{"line":26,"column":31}},"7":{"start":{"line":30,"column":8},"end":{"line":34,"column":9}},"8":{"start":{"line":31,"column":10},"end":{"line":31,"column":28}},"9":{"start":{"line":33,"column":10},"end":{"line":33,"column":34}},"10":{"start":{"line":41,"column":4},"end":{"line":41,"column":54}},"11":{"start":{"line":46,"column":4},"end":{"line":46,"column":51}},"12":{"start":{"line":47,"column":4},"end":{"line":47,"column":65}},"13":{"start":{"line":50,"column":2},"end":{"line":51,"column":46}},"14":{"start":{"line":50,"column":26},"end":{"line":50,"column":71}},"15":{"start":{"line":51,"column":7},"end":{"line":51,"column":46}}},"fnMap":{"0":{"name":"getUser","decl":{"start":{"line":8,"column":15},"end":{"line":8,"column":22}},"loc":{"start":{"line":8,"column":64},"end":{"line":14,"column":1}},"line":8},"1":{"name":"useUser","decl":{"start":{"line":22,"column":16},"end":{"line":22,"column":23}},"loc":{"start":{"line":22,"column":35},"end":{"line":52,"column":1}},"line":22},"2":{"name":"(anonymous_2)","decl":{"start":{"line":26,"column":4},"end":{"line":26,"column":5}},"loc":{"start":{"line":26,"column":10},"end":{"line":26,"column":31}},"line":26},"3":{"name":"(anonymous_3)","decl":{"start":{"line":29,"column":17},"end":{"line":29,"column":18}},"loc":{"start":{"line":29,"column":44},"end":{"line":35,"column":7}},"line":29},"4":{"name":"updateUser","decl":{"start":{"line":40,"column":11},"end":{"line":40,"column":21}},"loc":{"start":{"line":40,"column":43},"end":{"line":42,"column":3}},"line":40},"5":{"name":"clearUser","decl":{"start":{"line":45,"column":11},"end":{"line":45,"column":20}},"loc":{"start":{"line":45,"column":23},"end":{"line":48,"column":3}},"line":45}},"branchMap":{"0":{"loc":{"start":{"line":9,"column":2},"end":{"line":9,"column":25}},"type":"if","locations":[{"start":{"line":9,"column":2},"end":{"line":9,"column":25}},{"start":{},"end":{}}],"line":9},"1":{"loc":{"start":{"line":26,"column":18},"end":{"line":26,"column":30}},"type":"binary-expr","locations":[{"start":{"line":26,"column":18},"end":{"line":26,"column":22}},{"start":{"line":26,"column":26},"end":{"line":26,"column":30}}],"line":26},"2":{"loc":{"start":{"line":30,"column":8},"end":{"line":34,"column":9}},"type":"if","locations":[{"start":{"line":30,"column":8},"end":{"line":34,"column":9}},{"start":{"line":32,"column":15},"end":{"line":34,"column":9}}],"line":30},"3":{"loc":{"start":{"line":50,"column":2},"end":{"line":51,"column":46}},"type":"if","locations":[{"start":{"line":50,"column":2},"end":{"line":51,"column":46}},{"start":{"line":51,"column":7},"end":{"line":51,"column":46}}],"line":50}},"s":{"0":0,"1":0,"2":0,"3":0,"4":198,"5":198,"6":0,"7":0,"8":0,"9":0,"10":0,"11":0,"12":0,"13":198,"14":0,"15":198},"f":{"0":0,"1":198,"2":0,"3":0,"4":0,"5":0},"b":{"0":[0,0],"1":[0,0],"2":[0,0],"3":[0,198]},"_coverageSchema":"1a1c01bbd47fc00a2c39e90264f33305004495a9","hash":"355bedb33965b88a5260472578ec3100a49af305"}
,"/Users/apmfree/Desktop/dev/blogger-app-2/src/layout/index.tsx": {"path":"/Users/apmfree/Desktop/dev/blogger-app-2/src/layout/index.tsx","statementMap":{"0":{"start":{"line":4,"column":53},"end":{"line":6,"column":1}},"1":{"start":{"line":5,"column":2},"end":{"line":5,"column":54}}},"fnMap":{"0":{"name":"(anonymous_0)","decl":{"start":{"line":4,"column":53},"end":{"line":4,"column":54}},"loc":{"start":{"line":4,"column":71},"end":{"line":6,"column":1}},"line":4}},"branchMap":{},"s":{"0":3,"1":99},"f":{"0":99},"b":{},"_coverageSchema":"1a1c01bbd47fc00a2c39e90264f33305004495a9","hash":"53888c90e742518cae00faad5d0424036001dc47"}
,"/Users/apmfree/Desktop/dev/blogger-app-2/src/publishers/FormElementByPublisher.tsx": {"path":"/Users/apmfree/Desktop/dev/blogger-app-2/src/publishers/FormElementByPublisher.tsx","statementMap":{"0":{"start":{"line":7,"column":31},"end":{"line":20,"column":1}},"1":{"start":{"line":12,"column":2},"end":{"line":19,"column":3}},"2":{"start":{"line":14,"column":6},"end":{"line":14,"column":30}},"3":{"start":{"line":16,"column":6},"end":{"line":16,"column":27}},"4":{"start":{"line":18,"column":6},"end":{"line":18,"column":28}}},"fnMap":{"0":{"name":"(anonymous_0)","decl":{"start":{"line":7,"column":31},"end":{"line":7,"column":32}},"loc":{"start":{"line":11,"column":20},"end":{"line":20,"column":1}},"line":11}},"branchMap":{"0":{"loc":{"start":{"line":12,"column":2},"end":{"line":19,"column":3}},"type":"switch","locations":[{"start":{"line":13,"column":4},"end":{"line":14,"column":30}},{"start":{"line":15,"column":4},"end":{"line":16,"column":27}},{"start":{"line":17,"column":4},"end":{"line":18,"column":28}}],"line":12}},"s":{"0":0,"1":0,"2":0,"3":0,"4":0},"f":{"0":0},"b":{"0":[0,0,0]}}
,"/Users/apmfree/Desktop/dev/blogger-app-2/src/publishers/PublisherForm.tsx": {"path":"/Users/apmfree/Desktop/dev/blogger-app-2/src/publishers/PublisherForm.tsx","statementMap":{"0":{"start":{"line":19,"column":22},"end":{"line":59,"column":1}},"1":{"start":{"line":25,"column":46},"end":{"line":25,"column":74}},"2":{"start":{"line":28,"column":26},"end":{"line":28,"column":69}},"3":{"start":{"line":32,"column":19},"end":{"line":32,"column":35}},"4":{"start":{"line":34,"column":23},"end":{"line":50,"column":3}},"5":{"start":{"line":35,"column":4},"end":{"line":35,"column":23}},"6":{"start":{"line":36,"column":4},"end":{"line":36,"column":34}},"7":{"start":{"line":37,"column":4},"end":{"line":37,"column":24}},"8":{"start":{"line":38,"column":4},"end":{"line":38,"column":22}},"9":{"start":{"line":40,"column":26},"end":{"line":40,"column":39}},"10":{"start":{"line":41,"column":4},"end":{"line":41,"column":55}},"11":{"start":{"line":41,"column":44},"end":{"line":41,"column":52}},"12":{"start":{"line":44,"column":4},"end":{"line":44,"column":35}},"13":{"start":{"line":46,"column":4},"end":{"line":46,"column":38}},"14":{"start":{"line":49,"column":4},"end":{"line":49,"column":16}},"15":{"start":{"line":52,"column":2},"end":{"line":58,"column":5}}},"fnMap":{"0":{"name":"(anonymous_0)","decl":{"start":{"line":19,"column":22},"end":{"line":19,"column":23}},"loc":{"start":{"line":24,"column":27},"end":{"line":59,"column":1}},"line":24},"1":{"name":"(anonymous_1)","decl":{"start":{"line":34,"column":23},"end":{"line":34,"column":24}},"loc":{"start":{"line":34,"column":41},"end":{"line":50,"column":3}},"line":34},"2":{"name":"(anonymous_2)","decl":{"start":{"line":41,"column":35},"end":{"line":41,"column":36}},"loc":{"start":{"line":41,"column":44},"end":{"line":41,"column":52}},"line":41}},"branchMap":{},"s":{"0":0,"1":0,"2":0,"3":0,"4":0,"5":0,"6":0,"7":0,"8":0,"9":0,"10":0,"11":0,"12":0,"13":0,"14":0,"15":0},"f":{"0":0,"1":0,"2":0},"b":{}}
,"/Users/apmfree/Desktop/dev/blogger-app-2/src/publishers/publisherInfo.ts": {"path":"/Users/apmfree/Desktop/dev/blogger-app-2/src/publishers/publisherInfo.ts","statementMap":{"0":{"start":{"line":3,"column":24},"end":{"line":3,"column":74}},"1":{"start":{"line":5,"column":2},"end":{"line":5,"column":55}},"2":{"start":{"line":6,"column":25},"end":{"line":6,"column":76}},"3":{"start":{"line":32,"column":53},"end":{"line":38,"column":1}},"4":{"start":{"line":40,"column":59},"end":{"line":45,"column":1}},"5":{"start":{"line":47,"column":55},"end":{"line":54,"column":1}}},"fnMap":{},"branchMap":{},"s":{"0":3,"1":3,"2":3,"3":3,"4":3,"5":3},"f":{},"b":{},"_coverageSchema":"1a1c01bbd47fc00a2c39e90264f33305004495a9","hash":"210c983c98d3b078f4873be38eba6bc5985d3cba"}
,"/Users/apmfree/Desktop/dev/blogger-app-2/src/publishers/devto/DevtoForm.tsx": {"path":"/Users/apmfree/Desktop/dev/blogger-app-2/src/publishers/devto/DevtoForm.tsx","statementMap":{"0":{"start":{"line":8,"column":28},"end":{"line":24,"column":1}},"1":{"start":{"line":9,"column":2},"end":{"line":23,"column":4}}},"fnMap":{"0":{"name":"(anonymous_0)","decl":{"start":{"line":8,"column":28},"end":{"line":8,"column":29}},"loc":{"start":{"line":8,"column":34},"end":{"line":24,"column":1}},"line":8},"1":{"name":"(anonymous_1)","decl":{"start":{"line":18,"column":17},"end":{"line":18,"column":18}},"loc":{"start":{"line":18,"column":23},"end":{"line":18,"column":25}},"line":18},"2":{"name":"(anonymous_2)","decl":{"start":{"line":19,"column":22},"end":{"line":19,"column":23}},"loc":{"start":{"line":19,"column":28},"end":{"line":19,"column":30}},"line":19},"3":{"name":"(anonymous_3)","decl":{"start":{"line":20,"column":22},"end":{"line":20,"column":23}},"loc":{"start":{"line":20,"column":28},"end":{"line":20,"column":30}},"line":20}},"branchMap":{},"s":{"0":0,"1":0},"f":{"0":0,"1":0,"2":0,"3":0},"b":{}}
,"/Users/apmfree/Desktop/dev/blogger-app-2/src/publishers/devto/DevtoFormTemplate.tsx": {"path":"/Users/apmfree/Desktop/dev/blogger-app-2/src/publishers/devto/DevtoFormTemplate.tsx","statementMap":{"0":{"start":{"line":15,"column":52},"end":{"line":96,"column":1}},"1":{"start":{"line":22,"column":2},"end":{"line":95,"column":4}}},"fnMap":{"0":{"name":"(anonymous_0)","decl":{"start":{"line":15,"column":52},"end":{"line":15,"column":53}},"loc":{"start":{"line":21,"column":6},"end":{"line":96,"column":1}},"line":21}},"branchMap":{"0":{"loc":{"start":{"line":33,"column":21},"end":{"line":33,"column":39}},"type":"binary-expr","locations":[{"start":{"line":33,"column":21},"end":{"line":33,"column":33}},{"start":{"line":33,"column":37},"end":{"line":33,"column":39}}],"line":33},"1":{"loc":{"start":{"line":54,"column":21},"end":{"line":54,"column":43}},"type":"binary-expr","locations":[{"start":{"line":54,"column":21},"end":{"line":54,"column":37}},{"start":{"line":54,"column":41},"end":{"line":54,"column":43}}],"line":54},"2":{"loc":{"start":{"line":78,"column":21},"end":{"line":78,"column":40}},"type":"binary-expr","locations":[{"start":{"line":78,"column":21},"end":{"line":78,"column":34}},{"start":{"line":78,"column":38},"end":{"line":78,"column":40}}],"line":78}},"s":{"0":0,"1":0},"f":{"0":0},"b":{"0":[0,0],"1":[0,0],"2":[0,0]}}
,"/Users/apmfree/Desktop/dev/blogger-app-2/src/publishers/devto/devToSlice.ts": {"path":"/Users/apmfree/Desktop/dev/blogger-app-2/src/publishers/devto/devToSlice.ts","statementMap":{"0":{"start":{"line":7,"column":56},"end":{"line":19,"column":1}},"1":{"start":{"line":21,"column":27},"end":{"line":37,"column":2}},"2":{"start":{"line":29,"column":51},"end":{"line":29,"column":67}},"3":{"start":{"line":30,"column":34},"end":{"line":30,"column":77}},"4":{"start":{"line":32,"column":2},"end":{"line":36,"column":19}},"5":{"start":{"line":33,"column":27},"end":{"line":33,"column":64}},"6":{"start":{"line":34,"column":4},"end":{"line":34,"column":32}},"7":{"start":{"line":35,"column":4},"end":{"line":35,"column":26}},"8":{"start":{"line":36,"column":9},"end":{"line":36,"column":19}},"9":{"start":{"line":39,"column":26},"end":{"line":72,"column":2}},"10":{"start":{"line":44,"column":64},"end":{"line":44,"column":78}},"11":{"start":{"line":45,"column":6},"end":{"line":45,"column":34}},"12":{"start":{"line":46,"column":6},"end":{"line":46,"column":50}},"13":{"start":{"line":47,"column":6},"end":{"line":47,"column":36}},"14":{"start":{"line":48,"column":6},"end":{"line":48,"column":37}},"15":{"start":{"line":49,"column":6},"end":{"line":49,"column":42}},"16":{"start":{"line":51,"column":6},"end":{"line":51,"column":19}},"17":{"start":{"line":55,"column":4},"end":{"line":58,"column":7}},"18":{"start":{"line":56,"column":6},"end":{"line":56,"column":27}},"19":{"start":{"line":57,"column":6},"end":{"line":57,"column":23}},"20":{"start":{"line":59,"column":4},"end":{"line":66,"column":6}},"21":{"start":{"line":62,"column":8},"end":{"line":62,"column":30}},"22":{"start":{"line":63,"column":8},"end":{"line":63,"column":25}},"23":{"start":{"line":64,"column":8},"end":{"line":64,"column":39}},"24":{"start":{"line":67,"column":4},"end":{"line":70,"column":7}},"25":{"start":{"line":68,"column":6},"end":{"line":68,"column":28}},"26":{"start":{"line":69,"column":6},"end":{"line":69,"column":47}},"27":{"start":{"line":74,"column":28},"end":{"line":74,"column":46}}},"fnMap":{"0":{"name":"(anonymous_0)","decl":{"start":{"line":28,"column":23},"end":{"line":28,"column":24}},"loc":{"start":{"line":28,"column":56},"end":{"line":37,"column":1}},"line":28},"1":{"name":"(anonymous_1)","decl":{"start":{"line":43,"column":4},"end":{"line":43,"column":5}},"loc":{"start":{"line":43,"column":59},"end":{"line":52,"column":5}},"line":43},"2":{"name":"(anonymous_2)","decl":{"start":{"line":54,"column":17},"end":{"line":54,"column":18}},"loc":{"start":{"line":54,"column":30},"end":{"line":71,"column":3}},"line":54},"3":{"name":"(anonymous_3)","decl":{"start":{"line":55,"column":41},"end":{"line":55,"column":42}},"loc":{"start":{"line":55,"column":52},"end":{"line":58,"column":5}},"line":55},"4":{"name":"(anonymous_4)","decl":{"start":{"line":61,"column":6},"end":{"line":61,"column":7}},"loc":{"start":{"line":61,"column":48},"end":{"line":65,"column":7}},"line":61},"5":{"name":"(anonymous_5)","decl":{"start":{"line":67,"column":42},"end":{"line":67,"column":43}},"loc":{"start":{"line":67,"column":61},"end":{"line":70,"column":5}},"line":67}},"branchMap":{"0":{"loc":{"start":{"line":32,"column":2},"end":{"line":36,"column":19}},"type":"if","locations":[{"start":{"line":32,"column":2},"end":{"line":36,"column":19}},{"start":{"line":36,"column":9},"end":{"line":36,"column":19}}],"line":32},"1":{"loc":{"start":{"line":69,"column":20},"end":{"line":69,"column":46}},"type":"binary-expr","locations":[{"start":{"line":69,"column":20},"end":{"line":69,"column":40}},{"start":{"line":69,"column":44},"end":{"line":69,"column":46}}],"line":69}},"s":{"0":3,"1":3,"2":0,"3":0,"4":0,"5":0,"6":0,"7":0,"8":0,"9":3,"10":0,"11":0,"12":0,"13":0,"14":0,"15":0,"16":0,"17":3,"18":0,"19":0,"20":3,"21":0,"22":0,"23":0,"24":3,"25":0,"26":0,"27":3},"f":{"0":0,"1":0,"2":3,"3":0,"4":0,"5":0},"b":{"0":[0,0],"1":[0,0]},"_coverageSchema":"1a1c01bbd47fc00a2c39e90264f33305004495a9","hash":"e143a712de0f8cae2925b53d84971d7840768e87"}
,"/Users/apmfree/Desktop/dev/blogger-app-2/src/publishers/hashnode/HashNodeForm.tsx": {"path":"/Users/apmfree/Desktop/dev/blogger-app-2/src/publishers/hashnode/HashNodeForm.tsx","statementMap":{"0":{"start":{"line":8,"column":31},"end":{"line":24,"column":1}},"1":{"start":{"line":9,"column":2},"end":{"line":23,"column":4}}},"fnMap":{"0":{"name":"(anonymous_0)","decl":{"start":{"line":8,"column":31},"end":{"line":8,"column":32}},"loc":{"start":{"line":8,"column":37},"end":{"line":24,"column":1}},"line":8},"1":{"name":"(anonymous_1)","decl":{"start":{"line":18,"column":17},"end":{"line":18,"column":18}},"loc":{"start":{"line":18,"column":23},"end":{"line":18,"column":25}},"line":18},"2":{"name":"(anonymous_2)","decl":{"start":{"line":19,"column":22},"end":{"line":19,"column":23}},"loc":{"start":{"line":19,"column":28},"end":{"line":19,"column":30}},"line":19},"3":{"name":"(anonymous_3)","decl":{"start":{"line":20,"column":22},"end":{"line":20,"column":23}},"loc":{"start":{"line":20,"column":28},"end":{"line":20,"column":30}},"line":20}},"branchMap":{},"s":{"0":0,"1":0},"f":{"0":0,"1":0,"2":0,"3":0},"b":{}}
,"/Users/apmfree/Desktop/dev/blogger-app-2/src/publishers/hashnode/HashNodeFormTemplate.tsx": {"path":"/Users/apmfree/Desktop/dev/blogger-app-2/src/publishers/hashnode/HashNodeFormTemplate.tsx","statementMap":{"0":{"start":{"line":14,"column":58},"end":{"line":78,"column":1}},"1":{"start":{"line":21,"column":2},"end":{"line":77,"column":4}}},"fnMap":{"0":{"name":"(anonymous_0)","decl":{"start":{"line":14,"column":58},"end":{"line":14,"column":59}},"loc":{"start":{"line":20,"column":6},"end":{"line":78,"column":1}},"line":20}},"branchMap":{"0":{"loc":{"start":{"line":33,"column":21},"end":{"line":33,"column":39}},"type":"binary-expr","locations":[{"start":{"line":33,"column":21},"end":{"line":33,"column":33}},{"start":{"line":33,"column":37},"end":{"line":33,"column":39}}],"line":33},"1":{"loc":{"start":{"line":52,"column":21},"end":{"line":52,"column":37}},"type":"binary-expr","locations":[{"start":{"line":52,"column":21},"end":{"line":52,"column":31}},{"start":{"line":52,"column":35},"end":{"line":52,"column":37}}],"line":52}},"s":{"0":0,"1":0},"f":{"0":0},"b":{"0":[0,0],"1":[0,0]}}
,"/Users/apmfree/Desktop/dev/blogger-app-2/src/publishers/hashnode/hashnodeSlice.ts": {"path":"/Users/apmfree/Desktop/dev/blogger-app-2/src/publishers/hashnode/hashnodeSlice.ts","statementMap":{"0":{"start":{"line":10,"column":59},"end":{"line":21,"column":1}},"1":{"start":{"line":23,"column":27},"end":{"line":38,"column":2}},"2":{"start":{"line":31,"column":54},"end":{"line":31,"column":73}},"3":{"start":{"line":32,"column":34},"end":{"line":32,"column":77}},"4":{"start":{"line":33,"column":2},"end":{"line":37,"column":19}},"5":{"start":{"line":34,"column":27},"end":{"line":34,"column":66}},"6":{"start":{"line":35,"column":4},"end":{"line":35,"column":32}},"7":{"start":{"line":36,"column":4},"end":{"line":36,"column":26}},"8":{"start":{"line":37,"column":9},"end":{"line":37,"column":19}},"9":{"start":{"line":40,"column":29},"end":{"line":71,"column":2}},"10":{"start":{"line":45,"column":62},"end":{"line":45,"column":76}},"11":{"start":{"line":46,"column":6},"end":{"line":46,"column":34}},"12":{"start":{"line":47,"column":6},"end":{"line":47,"column":54}},"13":{"start":{"line":48,"column":6},"end":{"line":48,"column":50}},"14":{"start":{"line":49,"column":6},"end":{"line":49,"column":37}},"15":{"start":{"line":50,"column":6},"end":{"line":50,"column":19}},"16":{"start":{"line":54,"column":4},"end":{"line":57,"column":7}},"17":{"start":{"line":55,"column":6},"end":{"line":55,"column":27}},"18":{"start":{"line":56,"column":6},"end":{"line":56,"column":23}},"19":{"start":{"line":58,"column":4},"end":{"line":65,"column":6}},"20":{"start":{"line":61,"column":8},"end":{"line":61,"column":30}},"21":{"start":{"line":62,"column":8},"end":{"line":62,"column":25}},"22":{"start":{"line":63,"column":8},"end":{"line":63,"column":39}},"23":{"start":{"line":66,"column":4},"end":{"line":69,"column":7}},"24":{"start":{"line":67,"column":6},"end":{"line":67,"column":28}},"25":{"start":{"line":68,"column":6},"end":{"line":68,"column":47}},"26":{"start":{"line":73,"column":28},"end":{"line":73,"column":49}}},"fnMap":{"0":{"name":"(anonymous_0)","decl":{"start":{"line":30,"column":26},"end":{"line":30,"column":27}},"loc":{"start":{"line":30,"column":59},"end":{"line":38,"column":1}},"line":30},"1":{"name":"(anonymous_1)","decl":{"start":{"line":44,"column":4},"end":{"line":44,"column":5}},"loc":{"start":{"line":44,"column":62},"end":{"line":51,"column":5}},"line":44},"2":{"name":"(anonymous_2)","decl":{"start":{"line":53,"column":17},"end":{"line":53,"column":18}},"loc":{"start":{"line":53,"column":30},"end":{"line":70,"column":3}},"line":53},"3":{"name":"(anonymous_3)","decl":{"start":{"line":54,"column":41},"end":{"line":54,"column":42}},"loc":{"start":{"line":54,"column":52},"end":{"line":57,"column":5}},"line":54},"4":{"name":"(anonymous_4)","decl":{"start":{"line":60,"column":6},"end":{"line":60,"column":7}},"loc":{"start":{"line":60,"column":48},"end":{"line":64,"column":7}},"line":60},"5":{"name":"(anonymous_5)","decl":{"start":{"line":66,"column":42},"end":{"line":66,"column":43}},"loc":{"start":{"line":66,"column":61},"end":{"line":69,"column":5}},"line":66}},"branchMap":{"0":{"loc":{"start":{"line":33,"column":2},"end":{"line":37,"column":19}},"type":"if","locations":[{"start":{"line":33,"column":2},"end":{"line":37,"column":19}},{"start":{"line":37,"column":9},"end":{"line":37,"column":19}}],"line":33},"1":{"loc":{"start":{"line":68,"column":20},"end":{"line":68,"column":46}},"type":"binary-expr","locations":[{"start":{"line":68,"column":20},"end":{"line":68,"column":40}},{"start":{"line":68,"column":44},"end":{"line":68,"column":46}}],"line":68}},"s":{"0":3,"1":3,"2":0,"3":0,"4":0,"5":0,"6":0,"7":0,"8":0,"9":3,"10":0,"11":0,"12":0,"13":0,"14":0,"15":0,"16":3,"17":0,"18":0,"19":3,"20":0,"21":0,"22":0,"23":3,"24":0,"25":0,"26":3},"f":{"0":0,"1":0,"2":3,"3":0,"4":0,"5":0},"b":{"0":[0,0],"1":[0,0]},"_coverageSchema":"1a1c01bbd47fc00a2c39e90264f33305004495a9","hash":"42915c4dc8843d6a137a1d078975bd361da18b9f"}
,"/Users/apmfree/Desktop/dev/blogger-app-2/src/publishers/medium/MediumForm.tsx": {"path":"/Users/apmfree/Desktop/dev/blogger-app-2/src/publishers/medium/MediumForm.tsx","statementMap":{"0":{"start":{"line":8,"column":29},"end":{"line":24,"column":1}},"1":{"start":{"line":9,"column":2},"end":{"line":23,"column":4}}},"fnMap":{"0":{"name":"(anonymous_0)","decl":{"start":{"line":8,"column":29},"end":{"line":8,"column":30}},"loc":{"start":{"line":8,"column":35},"end":{"line":24,"column":1}},"line":8},"1":{"name":"(anonymous_1)","decl":{"start":{"line":18,"column":17},"end":{"line":18,"column":18}},"loc":{"start":{"line":18,"column":23},"end":{"line":18,"column":25}},"line":18},"2":{"name":"(anonymous_2)","decl":{"start":{"line":19,"column":22},"end":{"line":19,"column":23}},"loc":{"start":{"line":19,"column":28},"end":{"line":19,"column":30}},"line":19},"3":{"name":"(anonymous_3)","decl":{"start":{"line":20,"column":22},"end":{"line":20,"column":23}},"loc":{"start":{"line":20,"column":28},"end":{"line":20,"column":30}},"line":20}},"branchMap":{},"s":{"0":0,"1":0},"f":{"0":0,"1":0,"2":0,"3":0},"b":{}}
,"/Users/apmfree/Desktop/dev/blogger-app-2/src/publishers/medium/MediumFormTemplate.tsx": {"path":"/Users/apmfree/Desktop/dev/blogger-app-2/src/publishers/medium/MediumFormTemplate.tsx","statementMap":{"0":{"start":{"line":14,"column":54},"end":{"line":96,"column":1}},"1":{"start":{"line":21,"column":2},"end":{"line":95,"column":4}}},"fnMap":{"0":{"name":"(anonymous_0)","decl":{"start":{"line":14,"column":54},"end":{"line":14,"column":55}},"loc":{"start":{"line":20,"column":6},"end":{"line":96,"column":1}},"line":20}},"branchMap":{"0":{"loc":{"start":{"line":33,"column":21},"end":{"line":33,"column":39}},"type":"binary-expr","locations":[{"start":{"line":33,"column":21},"end":{"line":33,"column":33}},{"start":{"line":33,"column":37},"end":{"line":33,"column":39}}],"line":33},"1":{"loc":{"start":{"line":52,"column":21},"end":{"line":52,"column":37}},"type":"binary-expr","locations":[{"start":{"line":52,"column":21},"end":{"line":52,"column":31}},{"start":{"line":52,"column":35},"end":{"line":52,"column":37}}],"line":52},"2":{"loc":{"start":{"line":78,"column":21},"end":{"line":78,"column":47}},"type":"binary-expr","locations":[{"start":{"line":78,"column":21},"end":{"line":78,"column":41}},{"start":{"line":78,"column":45},"end":{"line":78,"column":47}}],"line":78}},"s":{"0":0,"1":0},"f":{"0":0},"b":{"0":[0,0],"1":[0,0],"2":[0,0]}}
,"/Users/apmfree/Desktop/dev/blogger-app-2/src/publishers/medium/mediumSlice.ts": {"path":"/Users/apmfree/Desktop/dev/blogger-app-2/src/publishers/medium/mediumSlice.ts","statementMap":{"0":{"start":{"line":7,"column":57},"end":{"line":20,"column":1}},"1":{"start":{"line":22,"column":27},"end":{"line":42,"column":2}},"2":{"start":{"line":30,"column":52},"end":{"line":30,"column":69}},"3":{"start":{"line":31,"column":34},"end":{"line":31,"column":77}},"4":{"start":{"line":34,"column":2},"end":{"line":41,"column":3}},"5":{"start":{"line":35,"column":27},"end":{"line":35,"column":64}},"6":{"start":{"line":36,"column":4},"end":{"line":36,"column":32}},"7":{"start":{"line":37,"column":4},"end":{"line":37,"column":26}},"8":{"start":{"line":39,"column":4},"end":{"line":39,"column":58}},"9":{"start":{"line":40,"column":4},"end":{"line":40,"column":14}},"10":{"start":{"line":44,"column":27},"end":{"line":77,"column":2}},"11":{"start":{"line":50,"column":8},"end":{"line":50,"column":22}},"12":{"start":{"line":51,"column":6},"end":{"line":51,"column":34}},"13":{"start":{"line":52,"column":6},"end":{"line":52,"column":38}},"14":{"start":{"line":53,"column":6},"end":{"line":53,"column":48}},"15":{"start":{"line":54,"column":6},"end":{"line":54,"column":37}},"16":{"start":{"line":55,"column":6},"end":{"line":55,"column":50}},"17":{"start":{"line":56,"column":6},"end":{"line":56,"column":19}},"18":{"start":{"line":60,"column":4},"end":{"line":63,"column":7}},"19":{"start":{"line":61,"column":6},"end":{"line":61,"column":27}},"20":{"start":{"line":62,"column":6},"end":{"line":62,"column":23}},"21":{"start":{"line":64,"column":4},"end":{"line":71,"column":6}},"22":{"start":{"line":67,"column":8},"end":{"line":67,"column":30}},"23":{"start":{"line":68,"column":8},"end":{"line":68,"column":25}},"24":{"start":{"line":69,"column":8},"end":{"line":69,"column":39}},"25":{"start":{"line":72,"column":4},"end":{"line":75,"column":7}},"26":{"start":{"line":73,"column":6},"end":{"line":73,"column":28}},"27":{"start":{"line":74,"column":6},"end":{"line":74,"column":47}},"28":{"start":{"line":79,"column":28},"end":{"line":79,"column":47}}},"fnMap":{"0":{"name":"(anonymous_0)","decl":{"start":{"line":29,"column":24},"end":{"line":29,"column":25}},"loc":{"start":{"line":29,"column":57},"end":{"line":42,"column":1}},"line":29},"1":{"name":"(anonymous_1)","decl":{"start":{"line":48,"column":4},"end":{"line":48,"column":5}},"loc":{"start":{"line":48,"column":60},"end":{"line":57,"column":5}},"line":48},"2":{"name":"(anonymous_2)","decl":{"start":{"line":59,"column":17},"end":{"line":59,"column":18}},"loc":{"start":{"line":59,"column":30},"end":{"line":76,"column":3}},"line":59},"3":{"name":"(anonymous_3)","decl":{"start":{"line":60,"column":41},"end":{"line":60,"column":42}},"loc":{"start":{"line":60,"column":52},"end":{"line":63,"column":5}},"line":60},"4":{"name":"(anonymous_4)","decl":{"start":{"line":66,"column":6},"end":{"line":66,"column":7}},"loc":{"start":{"line":66,"column":48},"end":{"line":70,"column":7}},"line":66},"5":{"name":"(anonymous_5)","decl":{"start":{"line":72,"column":42},"end":{"line":72,"column":43}},"loc":{"start":{"line":72,"column":61},"end":{"line":75,"column":5}},"line":72}},"branchMap":{"0":{"loc":{"start":{"line":34,"column":2},"end":{"line":41,"column":3}},"type":"if","locations":[{"start":{"line":34,"column":2},"end":{"line":41,"column":3}},{"start":{"line":38,"column":9},"end":{"line":41,"column":3}}],"line":34},"1":{"loc":{"start":{"line":34,"column":6},"end":{"line":34,"column":56}},"type":"binary-expr","locations":[{"start":{"line":34,"column":6},"end":{"line":34,"column":29}},{"start":{"line":34,"column":33},"end":{"line":34,"column":56}}],"line":34},"2":{"loc":{"start":{"line":74,"column":20},"end":{"line":74,"column":46}},"type":"binary-expr","locations":[{"start":{"line":74,"column":20},"end":{"line":74,"column":40}},{"start":{"line":74,"column":44},"end":{"line":74,"column":46}}],"line":74}},"s":{"0":3,"1":3,"2":3,"3":3,"4":0,"5":0,"6":0,"7":0,"8":0,"9":0,"10":3,"11":3,"12":3,"13":3,"14":3,"15":3,"16":3,"17":3,"18":3,"19":3,"20":3,"21":3,"22":0,"23":0,"24":0,"25":3,"26":0,"27":0,"28":3},"f":{"0":3,"1":3,"2":3,"3":3,"4":0,"5":0},"b":{"0":[0,0],"1":[0,0],"2":[0,0]},"_coverageSchema":"1a1c01bbd47fc00a2c39e90264f33305004495a9","hash":"440daff6a8d626a72f26ea92b15140a4eb901839"}
,"/Users/apmfree/Desktop/dev/blogger-app-2/src/react-query/constants.ts": {"path":"/Users/apmfree/Desktop/dev/blogger-app-2/src/react-query/constants.ts","statementMap":{"0":{"start":{"line":1,"column":25},"end":{"line":4,"column":1}}},"fnMap":{},"branchMap":{},"s":{"0":3},"f":{},"b":{},"_coverageSchema":"1a1c01bbd47fc00a2c39e90264f33305004495a9","hash":"1d619d7896cd949dbb439e6f4d278d39fdbd30c1"}
,"/Users/apmfree/Desktop/dev/blogger-app-2/src/react-query/queryClient.ts": {"path":"/Users/apmfree/Desktop/dev/blogger-app-2/src/react-query/queryClient.ts","statementMap":{"0":{"start":{"line":10,"column":4},"end":{"line":10,"column":73}},"1":{"start":{"line":11,"column":2},"end":{"line":11,"column":22}},"2":{"start":{"line":14,"column":2},"end":{"line":14,"column":35}},"3":{"start":{"line":19,"column":2},"end":{"line":33,"column":5}},"4":{"start":{"line":36,"column":27},"end":{"line":36,"column":48}}},"fnMap":{"0":{"name":"queryErrorHandler","decl":{"start":{"line":7,"column":9},"end":{"line":7,"column":26}},"loc":{"start":{"line":7,"column":49},"end":{"line":15,"column":1}},"line":7},"1":{"name":"generateQueryClient","decl":{"start":{"line":18,"column":16},"end":{"line":18,"column":35}},"loc":{"start":{"line":18,"column":51},"end":{"line":34,"column":1}},"line":18}},"branchMap":{"0":{"loc":{"start":{"line":10,"column":4},"end":{"line":10,"column":73}},"type":"cond-expr","locations":[{"start":{"line":10,"column":29},"end":{"line":10,"column":42}},{"start":{"line":10,"column":45},"end":{"line":10,"column":73}}],"line":10}},"s":{"0":0,"1":0,"2":0,"3":59,"4":4},"f":{"0":0,"1":59},"b":{"0":[0,0]},"_coverageSchema":"1a1c01bbd47fc00a2c39e90264f33305004495a9","hash":"7b63f821d61846206997181535b25af090a65fdd"}
,"/Users/apmfree/Desktop/dev/blogger-app-2/src/redux/hooks.ts": {"path":"/Users/apmfree/Desktop/dev/blogger-app-2/src/redux/hooks.ts","statementMap":{"0":{"start":{"line":4,"column":63},"end":{"line":4,"column":74}},"1":{"start":{"line":5,"column":30},"end":{"line":5,"column":62}},"2":{"start":{"line":5,"column":36},"end":{"line":5,"column":62}}},"fnMap":{"0":{"name":"(anonymous_0)","decl":{"start":{"line":5,"column":30},"end":{"line":5,"column":31}},"loc":{"start":{"line":5,"column":36},"end":{"line":5,"column":62}},"line":5}},"branchMap":{},"s":{"0":2,"1":2,"2":44},"f":{"0":44},"b":{},"_coverageSchema":"1a1c01bbd47fc00a2c39e90264f33305004495a9","hash":"cbfc17b32bf3008beda58cd179471c37def00ac3"}
,"/Users/apmfree/Desktop/dev/blogger-app-2/src/redux/postSlice.ts": {"path":"/Users/apmfree/Desktop/dev/blogger-app-2/src/redux/postSlice.ts","statementMap":{"0":{"start":{"line":3,"column":29},"end":{"line":3,"column":31}},"1":{"start":{"line":5,"column":25},"end":{"line":14,"column":2}},"2":{"start":{"line":10,"column":6},"end":{"line":10,"column":29}},"3":{"start":{"line":11,"column":6},"end":{"line":11,"column":19}},"4":{"start":{"line":16,"column":28},"end":{"line":16,"column":45}}},"fnMap":{"0":{"name":"(anonymous_0)","decl":{"start":{"line":9,"column":4},"end":{"line":9,"column":5}},"loc":{"start":{"line":9,"column":51},"end":{"line":12,"column":5}},"line":9}},"branchMap":{},"s":{"0":4,"1":4,"2":3,"3":3,"4":4},"f":{"0":3},"b":{},"_coverageSchema":"1a1c01bbd47fc00a2c39e90264f33305004495a9","hash":"b59990aaf971a76afca2a2c32f8db694167872c4"}
,"/Users/apmfree/Desktop/dev/blogger-app-2/src/redux/store.ts": {"path":"/Users/apmfree/Desktop/dev/blogger-app-2/src/redux/store.ts","statementMap":{"0":{"start":{"line":12,"column":21},"end":{"line":19,"column":2}},"1":{"start":{"line":27,"column":0},"end":{"line":27,"column":30}},"2":{"start":{"line":29,"column":0},"end":{"line":29,"column":34}},"3":{"start":{"line":31,"column":0},"end":{"line":31,"column":30}},"4":{"start":{"line":34,"column":0},"end":{"line":43,"column":2}},"5":{"start":{"line":45,"column":0},"end":{"line":45,"column":30}},"6":{"start":{"line":47,"column":0},"end":{"line":56,"column":2}},"7":{"start":{"line":58,"column":0},"end":{"line":58,"column":30}}},"fnMap":{},"branchMap":{},"s":{"0":3,"1":3,"2":3,"3":3,"4":3,"5":3,"6":3,"7":3},"f":{},"b":{},"_coverageSchema":"1a1c01bbd47fc00a2c39e90264f33305004495a9","hash":"47847ba533bf20842eb987580aca290801c40b7c"}
,"/Users/apmfree/Desktop/dev/blogger-app-2/src/routes/Navbar.tsx": {"path":"/Users/apmfree/Desktop/dev/blogger-app-2/src/routes/Navbar.tsx","statementMap":{"0":{"start":{"line":5,"column":15},"end":{"line":40,"column":1}},"1":{"start":{"line":6,"column":22},"end":{"line":6,"column":31}},"2":{"start":{"line":8,"column":20},"end":{"line":11,"column":3}},"3":{"start":{"line":13,"column":2},"end":{"line":39,"column":4}},"4":{"start":{"line":31,"column":12},"end":{"line":31,"column":53}}},"fnMap":{"0":{"name":"(anonymous_0)","decl":{"start":{"line":5,"column":15},"end":{"line":5,"column":16}},"loc":{"start":{"line":5,"column":21},"end":{"line":40,"column":1}},"line":5},"1":{"name":"(anonymous_1)","decl":{"start":{"line":30,"column":23},"end":{"line":30,"column":24}},"loc":{"start":{"line":30,"column":30},"end":{"line":32,"column":11}},"line":30}},"branchMap":{},"s":{"0":1,"1":0,"2":0,"3":0,"4":0},"f":{"0":0,"1":0},"b":{},"_coverageSchema":"1a1c01bbd47fc00a2c39e90264f33305004495a9","hash":"f0f1fb700dd3c321c6d1f5d56f93e69e13d03410"}
,"/Users/apmfree/Desktop/dev/blogger-app-2/src/routes/ProtectedRoute.tsx": {"path":"/Users/apmfree/Desktop/dev/blogger-app-2/src/routes/ProtectedRoute.tsx","statementMap":{"0":{"start":{"line":6,"column":74},"end":{"line":22,"column":1}},"1":{"start":{"line":9,"column":19},"end":{"line":9,"column":28}},"2":{"start":{"line":11,"column":2},"end":{"line":13,"column":3}},"3":{"start":{"line":12,"column":4},"end":{"line":12,"column":36}},"4":{"start":{"line":14,"column":2},"end":{"line":21,"column":4}}},"fnMap":{"0":{"name":"(anonymous_0)","decl":{"start":{"line":6,"column":74},"end":{"line":6,"column":75}},"loc":{"start":{"line":8,"column":6},"end":{"line":22,"column":1}},"line":8}},"branchMap":{"0":{"loc":{"start":{"line":11,"column":2},"end":{"line":13,"column":3}},"type":"if","locations":[{"start":{"line":11,"column":2},"end":{"line":13,"column":3}},{"start":{},"end":{}}],"line":11}},"s":{"0":1,"1":0,"2":0,"3":0,"4":0},"f":{"0":0},"b":{"0":[0,0]},"_coverageSchema":"1a1c01bbd47fc00a2c39e90264f33305004495a9","hash":"6a103ebc49205cd737b282779688b6c26977da9b"}
,"/Users/apmfree/Desktop/dev/blogger-app-2/src/server/config.js": {"path":"/Users/apmfree/Desktop/dev/blogger-app-2/src/server/config.js","statementMap":{"0":{"start":{"line":3,"column":23},"end":{"line":3,"column":46}},"1":{"start":{"line":5,"column":22},"end":{"line":5,"column":45}}},"fnMap":{},"branchMap":{},"s":{"0":0,"1":0},"f":{},"b":{}}
,"/Users/apmfree/Desktop/dev/blogger-app-2/src/shared/types.ts": {"path":"/Users/apmfree/Desktop/dev/blogger-app-2/src/shared/types.ts","statementMap":{},"fnMap":{},"branchMap":{},"s":{},"f":{},"b":{}}
,"/Users/apmfree/Desktop/dev/blogger-app-2/src/state/actionTypes.ts": {"path":"/Users/apmfree/Desktop/dev/blogger-app-2/src/state/actionTypes.ts","statementMap":{},"fnMap":{},"branchMap":{},"s":{},"f":{},"b":{},"_coverageSchema":"1a1c01bbd47fc00a2c39e90264f33305004495a9","hash":"59a48f10e415fc3705cc83bf7c0f4c98155abe02"}
,"/Users/apmfree/Desktop/dev/blogger-app-2/src/state/context.tsx": {"path":"/Users/apmfree/Desktop/dev/blogger-app-2/src/state/context.tsx","statementMap":{"0":{"start":{"line":6,"column":49},"end":{"line":6,"column":66}},"1":{"start":{"line":8,"column":47},"end":{"line":25,"column":1}},"2":{"start":{"line":10,"column":26},"end":{"line":10,"column":41}},"3":{"start":{"line":11,"column":20},"end":{"line":11,"column":39}},"4":{"start":{"line":11,"column":26},"end":{"line":11,"column":39}},"5":{"start":{"line":12,"column":21},"end":{"line":12,"column":41}},"6":{"start":{"line":12,"column":27},"end":{"line":12,"column":41}},"7":{"start":{"line":14,"column":2},"end":{"line":24,"column":4}}},"fnMap":{"0":{"name":"(anonymous_0)","decl":{"start":{"line":8,"column":47},"end":{"line":8,"column":48}},"loc":{"start":{"line":8,"column":65},"end":{"line":25,"column":1}},"line":8},"1":{"name":"(anonymous_1)","decl":{"start":{"line":11,"column":20},"end":{"line":11,"column":21}},"loc":{"start":{"line":11,"column":26},"end":{"line":11,"column":39}},"line":11},"2":{"name":"(anonymous_2)","decl":{"start":{"line":12,"column":21},"end":{"line":12,"column":22}},"loc":{"start":{"line":12,"column":27},"end":{"line":12,"column":41}},"line":12}},"branchMap":{},"s":{"0":4,"1":4,"2":55,"3":55,"4":0,"5":55,"6":0,"7":55},"f":{"0":55,"1":0,"2":0},"b":{},"_coverageSchema":"1a1c01bbd47fc00a2c39e90264f33305004495a9","hash":"572a5a0912e5061f09338b961a723d00cc747ab2"}
,"/Users/apmfree/Desktop/dev/blogger-app-2/src/state/initialState.ts": {"path":"/Users/apmfree/Desktop/dev/blogger-app-2/src/state/initialState.ts","statementMap":{"0":{"start":{"line":16,"column":50},"end":{"line":41,"column":1}}},"fnMap":{},"branchMap":{},"s":{"0":0},"f":{},"b":{}}
,"/Users/apmfree/Desktop/dev/blogger-app-2/src/user-storage/index.ts": {"path":"/Users/apmfree/Desktop/dev/blogger-app-2/src/user-storage/index.ts","statementMap":{"0":{"start":{"line":3,"column":30},"end":{"line":3,"column":48}},"1":{"start":{"line":7,"column":21},"end":{"line":7,"column":64}},"2":{"start":{"line":8,"column":2},"end":{"line":8,"column":52}},"3":{"start":{"line":12,"column":2},"end":{"line":12,"column":68}},"4":{"start":{"line":16,"column":2},"end":{"line":16,"column":49}}},"fnMap":{"0":{"name":"getStoredUser","decl":{"start":{"line":6,"column":16},"end":{"line":6,"column":29}},"loc":{"start":{"line":6,"column":45},"end":{"line":9,"column":1}},"line":6},"1":{"name":"setStoredUser","decl":{"start":{"line":11,"column":16},"end":{"line":11,"column":29}},"loc":{"start":{"line":11,"column":48},"end":{"line":13,"column":1}},"line":11},"2":{"name":"clearStoredUser","decl":{"start":{"line":15,"column":16},"end":{"line":15,"column":31}},"loc":{"start":{"line":15,"column":40},"end":{"line":17,"column":1}},"line":15}},"branchMap":{"0":{"loc":{"start":{"line":8,"column":9},"end":{"line":8,"column":51}},"type":"cond-expr","locations":[{"start":{"line":8,"column":22},"end":{"line":8,"column":44}},{"start":{"line":8,"column":47},"end":{"line":8,"column":51}}],"line":8}},"s":{"0":3,"1":198,"2":198,"3":0,"4":0},"f":{"0":198,"1":0,"2":0},"b":{"0":[0,198]},"_coverageSchema":"1a1c01bbd47fc00a2c39e90264f33305004495a9","hash":"80b45e2b391a50ecaede68a05dc9f2eccc24a7e2"}
,"/Users/apmfree/Desktop/dev/blogger-app-2/src/validation/index.ts": {"path":"/Users/apmfree/Desktop/dev/blogger-app-2/src/validation/index.ts","statementMap":{"0":{"start":{"line":5,"column":33},"end":{"line":10,"column":2}},"1":{"start":{"line":12,"column":33},"end":{"line":23,"column":2}},"2":{"start":{"line":17,"column":2},"end":{"line":22,"column":3}},"3":{"start":{"line":18,"column":4},"end":{"line":21,"column":7}},"4":{"start":{"line":33,"column":20},"end":{"line":33,"column":45}},"5":{"start":{"line":34,"column":24},"end":{"line":34,"column":68}},"6":{"start":{"line":34,"column":54},"end":{"line":34,"column":67}},"7":{"start":{"line":37,"column":2},"end":{"line":39,"column":4}},"8":{"start":{"line":38,"column":4},"end":{"line":38,"column":43}}},"fnMap":{"0":{"name":"(anonymous_0)","decl":{"start":{"line":16,"column":14},"end":{"line":16,"column":15}},"loc":{"start":{"line":16,"column":54},"end":{"line":23,"column":1}},"line":16},"1":{"name":"displayZodErrorToast","decl":{"start":{"line":29,"column":16},"end":{"line":29,"column":36}},"loc":{"start":{"line":31,"column":8},"end":{"line":40,"column":1}},"line":31},"2":{"name":"(anonymous_2)","decl":{"start":{"line":34,"column":38},"end":{"line":34,"column":39}},"loc":{"start":{"line":34,"column":54},"end":{"line":34,"column":67}},"line":34},"3":{"name":"(anonymous_3)","decl":{"start":{"line":37,"column":24},"end":{"line":37,"column":25}},"loc":{"start":{"line":38,"column":4},"end":{"line":38,"column":43}},"line":38}},"branchMap":{"0":{"loc":{"start":{"line":17,"column":2},"end":{"line":22,"column":3}},"type":"if","locations":[{"start":{"line":17,"column":2},"end":{"line":22,"column":3}},{"start":{},"end":{}}],"line":17}},"s":{"0":3,"1":3,"2":0,"3":0,"4":0,"5":0,"6":0,"7":0,"8":0},"f":{"0":0,"1":0,"2":0,"3":0},"b":{"0":[0,0]},"_coverageSchema":"1a1c01bbd47fc00a2c39e90264f33305004495a9","hash":"0874b32212e55fb94a7452392316dc0201646351"}
}
