TN:
SF:src/App.tsx
FN:11,App
FNF:1
FNH:0
FNDA:0,App
DA:12,0
LF:1
LH:0
BRF:0
BRH:0
end_of_record
TN:
SF:src/main.tsx
FNF:0
FNH:0
DA:12,0
DA:15,0
LF:2
LH:0
BRF:0
BRH:0
end_of_record
TN:
SF:src/reportWebVitals.ts
FN:3,(anonymous_0)
FN:5,(anonymous_1)
FNF:2
FNH:0
FNDA:0,(anonymous_0)
FNDA:0,(anonymous_1)
DA:3,0
DA:4,0
DA:5,0
DA:6,0
DA:7,0
DA:8,0
DA:9,0
DA:10,0
LF:8
LH:0
BRDA:4,0,0,0
BRDA:4,0,1,0
BRDA:4,1,0,0
BRDA:4,1,1,0
BRF:4
BRH:0
end_of_record
TN:
SF:src/test-utils.tsx
FN:13,(anonymous_0)
FN:17,(anonymous_1)
FN:24,(anonymous_2)
FN:38,(anonymous_3)
FNF:4
FNH:3
FNDA:0,(anonymous_0)
FNDA:55,(anonymous_1)
FNDA:55,(anonymous_2)
FNDA:34,(anonymous_3)
DA:10,3
DA:17,3
DA:18,55
DA:19,55
DA:20,55
DA:21,55
DA:24,3
DA:25,55
DA:26,55
DA:38,3
DA:41,34
LF:11
LH:11
BRF:0
BRH:0
end_of_record
TN:
SF:src/vite-env.d.ts
FNF:0
FNH:0
LF:0
LH:0
BRF:0
BRH:0
end_of_record
TN:
SF:src/auth/useAuth.tsx
FN:25,useAuth
FN:29,authServerCall
FN:70,signin
FN:73,signup
FN:86,signout
FNF:5
FNH:3
FNDA:99,useAuth
FNDA:1,authServerCall
FNDA:1,signin
FNDA:0,signup
FNDA:0,signout
DA:27,99
DA:38,1
DA:39,1
DA:41,1
DA:42,1
DA:49,0
DA:50,0
DA:51,0
DA:52,0
DA:55,0
DA:56,0
DA:59,0
DA:66,1
DA:71,1
DA:78,0
DA:88,0
DA:89,0
DA:93,99
LF:18
LH:8
BRDA:38,0,0,0
BRDA:38,0,1,1
BRDA:49,1,0,0
BRDA:49,1,1,0
BRDA:50,2,0,0
BRDA:50,2,1,0
BRDA:55,3,0,0
BRDA:55,3,1,0
BRDA:55,4,0,0
BRDA:55,4,1,0
BRF:10
BRH:1
end_of_record
TN:
SF:src/axiosInstance/constants.ts
FNF:0
FNH:0
DA:1,5
LF:1
LH:1
BRF:0
BRH:0
end_of_record
TN:
SF:src/axiosInstance/index.ts
FN:6,getJWTHeader
FNF:1
FNH:0
FNDA:0,getJWTHeader
DA:7,0
DA:10,3
DA:11,3
LF:3
LH:2
BRF:0
BRH:0
end_of_record
TN:
SF:src/components/dashboard/DashBoard.tsx
FN:6,(anonymous_0)
FNF:1
FNH:0
FNDA:0,(anonymous_0)
DA:6,1
DA:7,0
DA:9,0
LF:3
LH:1
BRF:0
BRH:0
end_of_record
TN:
SF:src/components/dashboard/MarkdownEditor.tsx
FN:10,(anonymous_0)
FN:15,(anonymous_1)
FNF:2
FNH:1
FNDA:1,(anonymous_0)
FNDA:0,(anonymous_1)
DA:10,2
DA:11,1
DA:15,0
LF:3
LH:2
BRDA:15,0,0,0
BRDA:15,0,1,0
BRF:2
BRH:0
end_of_record
TN:
SF:src/components/dashboard/Publish.tsx
FN:9,(anonymous_0)
FN:11,(anonymous_1)
FN:19,(anonymous_2)
FN:30,(anonymous_3)
FN:47,(anonymous_4)
FN:55,(anonymous_5)
FN:63,(anonymous_6)
FNF:7
FNH:3
FNDA:1,(anonymous_0)
FNDA:1,(anonymous_1)
FNDA:44,(anonymous_2)
FNDA:0,(anonymous_3)
FNDA:0,(anonymous_4)
FNDA:0,(anonymous_5)
FNDA:0,(anonymous_6)
DA:8,2
DA:9,1
DA:11,2
DA:19,2
DA:21,44
DA:23,44
DA:25,44
DA:27,44
DA:30,44
DA:32,0
DA:34,0
DA:36,0
DA:39,0
DA:41,44
DA:47,0
DA:55,0
DA:63,0
LF:17
LH:10
BRF:0
BRH:0
end_of_record
TN:
SF:src/components/dashboard/PublishButton.tsx
FN:10,(anonymous_0)
FNF:1
FNH:1
FNDA:132,(anonymous_0)
DA:10,2
DA:15,132
LF:2
LH:2
BRF:0
BRH:0
end_of_record
TN:
SF:src/components/forms/FormButtons.tsx
FN:4,(anonymous_0)
FNF:1
FNH:0
FNDA:0,(anonymous_0)
DA:4,0
DA:5,0
DA:6,0
LF:3
LH:0
BRF:0
BRH:0
end_of_record
TN:
SF:src/components/forms/formModal.tsx
FN:9,(anonymous_0)
FNF:1
FNH:1
FNDA:43,(anonymous_0)
DA:9,1
DA:11,43
DA:13,43
LF:3
LH:3
BRDA:14,0,0,0
BRDA:14,0,1,43
BRF:2
BRH:1
end_of_record
TN:
SF:src/components/forms/useForm.ts
FN:4,useForm
FN:8,(anonymous_1)
FN:13,handleChange
FN:26,resetForm
FNF:4
FNH:0
FNDA:0,useForm
FNDA:0,(anonymous_1)
FNDA:0,handleChange
FNDA:0,resetForm
DA:5,0
DA:6,0
DA:8,0
DA:10,0
DA:14,0
DA:16,0
DA:17,0
DA:20,0
DA:27,0
DA:30,0
LF:10
LH:0
BRDA:16,0,0,0
BRDA:16,0,1,0
BRF:2
BRH:0
end_of_record
TN:
SF:src/components/hooks/useToast.ts
FN:4,customToast
FNF:1
FNH:1
FNDA:1,customToast
DA:5,1
LF:1
LH:1
BRF:0
BRH:0
end_of_record
TN:
SF:src/components/posts/EditPost.tsx
FN:6,(anonymous_0)
FNF:1
FNH:0
FNDA:0,(anonymous_0)
DA:6,1
DA:7,0
DA:8,0
DA:10,0
DA:11,0
LF:5
LH:1
BRDA:8,0,0,0
BRDA:8,0,1,0
BRDA:10,1,0,0
BRDA:10,1,1,0
BRF:4
BRH:0
end_of_record
TN:
SF:src/components/posts/NewPostButton.tsx
FN:6,(anonymous_0)
FN:15,(anonymous_1)
FN:21,(anonymous_2)
FNF:3
FNH:0
FNDA:0,(anonymous_0)
FNDA:0,(anonymous_1)
FNDA:0,(anonymous_2)
DA:6,1
DA:7,0
DA:8,0
DA:9,0
DA:15,0
DA:16,0
DA:19,0
DA:21,0
LF:8
LH:1
BRDA:16,0,0,0
BRDA:16,0,1,0
BRDA:16,1,0,0
BRDA:16,1,1,0
BRF:4
BRH:0
end_of_record
TN:
SF:src/components/posts/Pagination.tsx
FN:7,(anonymous_0)
FN:13,(anonymous_1)
FN:21,(anonymous_2)
FNF:3
FNH:0
FNDA:0,(anonymous_0)
FNDA:0,(anonymous_1)
FNDA:0,(anonymous_2)
DA:7,1
DA:8,0
DA:14,0
DA:22,0
LF:4
LH:1
BRF:0
BRH:0
end_of_record
TN:
SF:src/components/posts/Posts.tsx
FN:6,(anonymous_0)
FNF:1
FNH:0
FNDA:0,(anonymous_0)
DA:6,1
DA:7,0
DA:8,0
DA:10,0
LF:4
LH:1
BRDA:8,0,0,0
BRDA:8,0,1,0
BRF:2
BRH:0
end_of_record
TN:
SF:src/components/posts/hooks/useCreatePost.ts
FN:10,fetchNewPost
FN:25,useCreatePost
FN:33,(anonymous_2)
FN:34,(anonymous_3)
FNF:4
FNH:0
FNDA:0,fetchNewPost
FNDA:0,useCreatePost
FNDA:0,(anonymous_2)
FNDA:0,(anonymous_3)
DA:11,0
DA:12,0
DA:21,0
DA:26,0
DA:33,0
DA:36,0
DA:37,0
DA:41,0
DA:42,0
LF:9
LH:0
BRDA:11,0,0,0
BRDA:11,0,1,0
BRF:2
BRH:0
end_of_record
TN:
SF:src/components/posts/hooks/useDeletePost.ts
FN:10,deleteUserPost
FN:22,useDeletePost
FN:26,(anonymous_2)
FN:27,(anonymous_3)
FNF:4
FNH:0
FNDA:0,deleteUserPost
FNDA:0,useDeletePost
FNDA:0,(anonymous_2)
FNDA:0,(anonymous_3)
DA:14,0
DA:15,0
DA:19,0
DA:23,0
DA:24,0
DA:26,0
DA:28,0
DA:29,0
DA:32,0
LF:9
LH:0
BRDA:14,0,0,0
BRDA:14,0,1,0
BRF:2
BRH:0
end_of_record
TN:
SF:src/components/posts/hooks/usePost.ts
FN:7,usePost
FN:13,(anonymous_1)
FN:15,(anonymous_2)
FN:18,(anonymous_3)
FNF:4
FNH:0
FNDA:0,usePost
FNDA:0,(anonymous_1)
FNDA:0,(anonymous_2)
FNDA:0,(anonymous_3)
DA:8,0
DA:9,0
DA:10,0
DA:13,0
DA:14,0
DA:15,0
DA:16,0
DA:18,0
DA:19,0
DA:23,0
LF:10
LH:0
BRDA:14,0,0,0
BRDA:14,0,1,0
BRDA:16,1,0,0
BRDA:16,1,1,0
BRDA:19,2,0,0
BRDA:19,2,1,0
BRF:6
BRH:0
end_of_record
TN:
SF:src/components/posts/hooks/usePostContent.ts
FN:13,fetchUserPostById
FN:31,usePostContent
FN:39,(anonymous_2)
FN:44,(anonymous_3)
FN:52,(anonymous_4)
FNF:5
FNH:0
FNDA:0,fetchUserPostById
FNDA:0,usePostContent
FNDA:0,(anonymous_2)
FNDA:0,(anonymous_3)
FNDA:0,(anonymous_4)
DA:17,0
DA:18,0
DA:22,0
DA:32,0
DA:33,0
DA:37,0
DA:39,0
DA:44,0
DA:45,0
DA:49,0
DA:52,0
DA:53,0
DA:54,0
DA:55,0
DA:58,0
LF:15
LH:0
BRDA:17,0,0,0
BRDA:17,0,1,0
BRDA:17,1,0,0
BRDA:17,1,1,0
BRDA:31,2,0,0
BRDA:45,3,0,0
BRDA:45,3,1,0
BRDA:49,4,0,0
BRDA:49,4,1,0
BRDA:53,5,0,0
BRDA:53,5,1,0
BRF:11
BRH:0
end_of_record
TN:
SF:src/components/posts/hooks/useUpdatePost.ts
FN:9,updateUserPost
FN:19,useUpdatePost
FN:23,(anonymous_2)
FN:24,(anonymous_3)
FNF:4
FNH:0
FNDA:0,updateUserPost
FNDA:0,useUpdatePost
FNDA:0,(anonymous_2)
FNDA:0,(anonymous_3)
DA:10,0
DA:11,0
DA:12,0
DA:20,0
DA:21,0
DA:23,0
DA:25,0
DA:26,0
DA:29,0
LF:9
LH:0
BRDA:10,0,0,0
BRDA:10,0,1,0
BRF:2
BRH:0
end_of_record
TN:
SF:src/components/posts/hooks/useUserPosts.ts
FN:13,fetchUserPosts
FN:34,useUserPosts
FN:43,(anonymous_2)
FN:48,(anonymous_3)
FN:52,(anonymous_4)
FNF:5
FNH:0
FNDA:0,fetchUserPosts
FNDA:0,useUserPosts
FNDA:0,(anonymous_2)
FNDA:0,(anonymous_3)
FNDA:0,(anonymous_4)
DA:9,1
DA:10,1
DA:17,0
DA:18,0
DA:22,0
DA:36,0
DA:37,0
DA:38,0
DA:41,0
DA:43,0
DA:48,0
DA:49,0
DA:50,0
DA:52,0
DA:57,0
DA:58,0
DA:59,0
DA:61,0
LF:18
LH:2
BRDA:17,0,0,0
BRDA:17,0,1,0
BRDA:49,1,0,0
BRDA:49,1,1,0
BRDA:57,2,0,0
BRDA:57,2,1,0
BRDA:58,3,0,0
BRDA:58,3,1,0
BRDA:59,4,0,0
BRDA:59,4,1,0
BRF:10
BRH:0
end_of_record
TN:
SF:src/components/posts/table/PostRow.tsx
FN:5,(anonymous_0)
FN:8,(anonymous_1)
FN:29,(anonymous_2)
FNF:3
FNH:0
FNDA:0,(anonymous_0)
FNDA:0,(anonymous_1)
FNDA:0,(anonymous_2)
DA:5,1
DA:6,0
DA:8,0
DA:9,0
DA:10,0
DA:15,0
DA:21,0
DA:29,0
LF:8
LH:1
BRDA:9,0,0,0
BRDA:9,0,1,0
BRDA:15,1,0,0
BRDA:15,1,1,0
BRF:4
BRH:0
end_of_record
TN:
SF:src/components/posts/table/PostTable.tsx
FN:8,(anonymous_0)
FN:20,(anonymous_1)
FNF:2
FNH:0
FNDA:0,(anonymous_0)
FNDA:0,(anonymous_1)
DA:8,1
DA:9,0
DA:21,0
LF:3
LH:1
BRF:0
BRH:0
end_of_record
TN:
SF:src/components/tag/TagInput.tsx
FN:18,(anonymous_0)
FN:19,(anonymous_1)
FN:20,(anonymous_2)
FN:23,(anonymous_3)
FN:27,(anonymous_4)
FN:37,(anonymous_5)
FNF:6
FNH:0
FNDA:0,(anonymous_0)
FNDA:0,(anonymous_1)
FNDA:0,(anonymous_2)
FNDA:0,(anonymous_3)
FNDA:0,(anonymous_4)
FNDA:0,(anonymous_5)
DA:6,0
DA:11,0
DA:18,0
DA:19,0
DA:20,0
DA:23,0
DA:24,0
DA:27,0
DA:28,0
DA:30,0
DA:31,0
DA:34,0
DA:37,0
DA:38,0
DA:41,0
LF:15
LH:0
BRF:0
BRH:0
end_of_record
TN:
SF:src/components/tag/tagType.ts
FNF:0
FNH:0
LF:0
LH:0
BRF:0
BRH:0
end_of_record
TN:
SF:src/components/user/SignIn.tsx
FN:13,(anonymous_0)
FN:25,(anonymous_1)
FN:50,(anonymous_2)
FN:71,(anonymous_3)
FNF:4
FNH:4
FNDA:48,(anonymous_0)
FNDA:1,(anonymous_1)
FNDA:35,(anonymous_2)
FNDA:7,(anonymous_3)
DA:13,2
DA:14,48
DA:15,48
DA:16,48
DA:17,48
DA:20,48
DA:22,0
DA:25,48
DA:27,1
DA:29,1
DA:31,0
DA:34,1
DA:38,48
DA:50,35
DA:71,7
LF:15
LH:13
BRDA:20,0,0,0
BRDA:20,0,1,48
BRDA:29,1,0,0
BRDA:29,1,1,1
BRDA:83,2,0,48
BRDA:83,2,1,42
BRF:6
BRH:4
end_of_record
TN:
SF:src/components/user/SignUp.tsx
FN:13,(anonymous_0)
FN:26,(anonymous_1)
FN:54,(anonymous_2)
FN:75,(anonymous_3)
FN:91,(anonymous_4)
FNF:5
FNH:4
FNDA:51,(anonymous_0)
FNDA:0,(anonymous_1)
FNDA:34,(anonymous_2)
FNDA:6,(anonymous_3)
FNDA:6,(anonymous_4)
DA:13,2
DA:14,51
DA:15,51
DA:16,51
DA:17,51
DA:18,51
DA:21,51
DA:23,0
DA:26,51
DA:28,0
DA:34,0
DA:36,0
DA:39,0
DA:43,51
DA:54,34
DA:75,6
DA:91,6
LF:17
LH:12
BRDA:21,0,0,0
BRDA:21,0,1,51
BRDA:34,1,0,0
BRDA:34,1,1,0
BRDA:103,2,0,51
BRDA:103,2,1,46
BRDA:103,2,2,12
BRF:7
BRH:4
end_of_record
TN:
SF:src/components/user/hooks/useUser.ts
FN:8,getUser
FN:22,useUser
FN:26,(anonymous_2)
FN:29,(anonymous_3)
FN:40,updateUser
FN:45,clearUser
FNF:6
FNH:1
FNDA:0,getUser
FNDA:198,useUser
FNDA:0,(anonymous_2)
FNDA:0,(anonymous_3)
FNDA:0,updateUser
FNDA:0,clearUser
DA:9,0
DA:10,0
DA:13,0
DA:23,198
DA:24,198
DA:26,0
DA:30,0
DA:31,0
DA:33,0
DA:41,0
DA:46,0
DA:47,0
DA:50,198
DA:51,198
LF:14
LH:4
BRDA:9,0,0,0
BRDA:9,0,1,0
BRDA:26,1,0,0
BRDA:26,1,1,0
BRDA:30,2,0,0
BRDA:30,2,1,0
BRDA:50,3,0,0
BRDA:50,3,1,198
BRF:8
BRH:1
end_of_record
TN:
SF:src/layout/index.tsx
FN:4,(anonymous_0)
FNF:1
FNH:1
FNDA:99,(anonymous_0)
DA:4,3
DA:5,99
LF:2
LH:2
BRF:0
BRH:0
end_of_record
TN:
SF:src/publishers/FormElementByPublisher.tsx
FN:7,(anonymous_0)
FNF:1
FNH:0
FNDA:0,(anonymous_0)
DA:7,0
DA:12,0
DA:14,0
DA:16,0
DA:18,0
LF:5
LH:0
BRDA:12,0,0,0
BRDA:12,0,1,0
BRDA:12,0,2,0
BRF:3
BRH:0
end_of_record
TN:
SF:src/publishers/PublisherForm.tsx
FN:19,(anonymous_0)
FN:34,(anonymous_1)
FN:41,(anonymous_2)
FNF:3
FNH:0
FNDA:0,(anonymous_0)
FNDA:0,(anonymous_1)
FNDA:0,(anonymous_2)
DA:19,0
DA:25,0
DA:28,0
DA:32,0
DA:34,0
DA:35,0
DA:36,0
DA:37,0
DA:38,0
DA:40,0
DA:41,0
DA:44,0
DA:46,0
DA:49,0
DA:52,0
LF:15
LH:0
BRF:0
BRH:0
end_of_record
TN:
SF:src/publishers/publisherInfo.ts
FNF:0
FNH:0
DA:3,3
DA:5,3
DA:6,3
DA:32,3
DA:40,3
DA:47,3
LF:6
LH:6
BRF:0
BRH:0
end_of_record
TN:
SF:src/publishers/devto/DevtoForm.tsx
FN:8,(anonymous_0)
FN:18,(anonymous_1)
FN:19,(anonymous_2)
FN:20,(anonymous_3)
FNF:4
FNH:0
FNDA:0,(anonymous_0)
FNDA:0,(anonymous_1)
FNDA:0,(anonymous_2)
FNDA:0,(anonymous_3)
DA:8,0
DA:9,0
LF:2
LH:0
BRF:0
BRH:0
end_of_record
TN:
SF:src/publishers/devto/DevtoFormTemplate.tsx
FN:15,(anonymous_0)
FNF:1
FNH:0
FNDA:0,(anonymous_0)
DA:15,0
DA:22,0
LF:2
LH:0
BRDA:33,0,0,0
BRDA:33,0,1,0
BRDA:54,1,0,0
BRDA:54,1,1,0
BRDA:78,2,0,0
BRDA:78,2,1,0
BRF:6
BRH:0
end_of_record
TN:
SF:src/publishers/devto/devToSlice.ts
FN:28,(anonymous_0)
FN:43,(anonymous_1)
FN:54,(anonymous_2)
FN:55,(anonymous_3)
FN:61,(anonymous_4)
FN:67,(anonymous_5)
FNF:6
FNH:1
FNDA:0,(anonymous_0)
FNDA:0,(anonymous_1)
FNDA:3,(anonymous_2)
FNDA:0,(anonymous_3)
FNDA:0,(anonymous_4)
FNDA:0,(anonymous_5)
DA:7,3
DA:21,3
DA:29,0
DA:30,0
DA:32,0
DA:33,0
DA:34,0
DA:35,0
DA:36,0
DA:39,3
DA:44,0
DA:45,0
DA:46,0
DA:47,0
DA:48,0
DA:49,0
DA:51,0
DA:55,3
DA:56,0
DA:57,0
DA:59,3
DA:62,0
DA:63,0
DA:64,0
DA:67,3
DA:68,0
DA:69,0
DA:74,3
LF:28
LH:7
BRDA:32,0,0,0
BRDA:32,0,1,0
BRDA:69,1,0,0
BRDA:69,1,1,0
BRF:4
BRH:0
end_of_record
TN:
SF:src/publishers/hashnode/HashNodeForm.tsx
FN:8,(anonymous_0)
FN:18,(anonymous_1)
FN:19,(anonymous_2)
FN:20,(anonymous_3)
FNF:4
FNH:0
FNDA:0,(anonymous_0)
FNDA:0,(anonymous_1)
FNDA:0,(anonymous_2)
FNDA:0,(anonymous_3)
DA:8,0
DA:9,0
LF:2
LH:0
BRF:0
BRH:0
end_of_record
TN:
SF:src/publishers/hashnode/HashNodeFormTemplate.tsx
FN:14,(anonymous_0)
FNF:1
FNH:0
FNDA:0,(anonymous_0)
DA:14,0
DA:21,0
LF:2
LH:0
BRDA:33,0,0,0
BRDA:33,0,1,0
BRDA:52,1,0,0
BRDA:52,1,1,0
BRF:4
BRH:0
end_of_record
TN:
SF:src/publishers/hashnode/hashnodeSlice.ts
FN:30,(anonymous_0)
FN:44,(anonymous_1)
FN:53,(anonymous_2)
FN:54,(anonymous_3)
FN:60,(anonymous_4)
FN:66,(anonymous_5)
FNF:6
FNH:1
FNDA:0,(anonymous_0)
FNDA:0,(anonymous_1)
FNDA:3,(anonymous_2)
FNDA:0,(anonymous_3)
FNDA:0,(anonymous_4)
FNDA:0,(anonymous_5)
DA:10,3
DA:23,3
DA:31,0
DA:32,0
DA:33,0
DA:34,0
DA:35,0
DA:36,0
DA:37,0
DA:40,3
DA:45,0
DA:46,0
DA:47,0
DA:48,0
DA:49,0
DA:50,0
DA:54,3
DA:55,0
DA:56,0
DA:58,3
DA:61,0
DA:62,0
DA:63,0
DA:66,3
DA:67,0
DA:68,0
DA:73,3
LF:27
LH:7
BRDA:33,0,0,0
BRDA:33,0,1,0
BRDA:68,1,0,0
BRDA:68,1,1,0
BRF:4
BRH:0
end_of_record
TN:
SF:src/publishers/medium/MediumForm.tsx
FN:8,(anonymous_0)
FN:18,(anonymous_1)
FN:19,(anonymous_2)
FN:20,(anonymous_3)
FNF:4
FNH:0
FNDA:0,(anonymous_0)
FNDA:0,(anonymous_1)
FNDA:0,(anonymous_2)
FNDA:0,(anonymous_3)
DA:8,0
DA:9,0
LF:2
LH:0
BRF:0
BRH:0
end_of_record
TN:
SF:src/publishers/medium/MediumFormTemplate.tsx
FN:14,(anonymous_0)
FNF:1
FNH:0
FNDA:0,(anonymous_0)
DA:14,0
DA:21,0
LF:2
LH:0
BRDA:33,0,0,0
BRDA:33,0,1,0
BRDA:52,1,0,0
BRDA:52,1,1,0
BRDA:78,2,0,0
BRDA:78,2,1,0
BRF:6
BRH:0
end_of_record
TN:
SF:src/publishers/medium/mediumSlice.ts
FN:29,(anonymous_0)
FN:48,(anonymous_1)
FN:59,(anonymous_2)
FN:60,(anonymous_3)
FN:66,(anonymous_4)
FN:72,(anonymous_5)
FNF:6
FNH:4
FNDA:3,(anonymous_0)
FNDA:3,(anonymous_1)
FNDA:3,(anonymous_2)
FNDA:3,(anonymous_3)
FNDA:0,(anonymous_4)
FNDA:0,(anonymous_5)
DA:7,3
DA:22,3
DA:30,3
DA:31,3
DA:34,0
DA:35,0
DA:36,0
DA:37,0
DA:39,0
DA:40,0
DA:44,3
DA:50,3
DA:51,3
DA:52,3
DA:53,3
DA:54,3
DA:55,3
DA:56,3
DA:60,3
DA:61,3
DA:62,3
DA:64,3
DA:67,0
DA:68,0
DA:69,0
DA:72,3
DA:73,0
DA:74,0
DA:79,3
LF:29
LH:18
BRDA:34,0,0,0
BRDA:34,0,1,0
BRDA:34,1,0,0
BRDA:34,1,1,0
BRDA:74,2,0,0
BRDA:74,2,1,0
BRF:6
BRH:0
end_of_record
TN:
SF:src/react-query/constants.ts
FNF:0
FNH:0
DA:1,3
LF:1
LH:1
BRF:0
BRH:0
end_of_record
TN:
SF:src/react-query/queryClient.ts
FN:7,queryErrorHandler
FN:18,generateQueryClient
FNF:2
FNH:1
FNDA:0,queryErrorHandler
FNDA:59,generateQueryClient
DA:10,0
DA:11,0
DA:14,0
DA:19,59
DA:36,4
LF:5
LH:2
BRDA:10,0,0,0
BRDA:10,0,1,0
BRF:2
BRH:0
end_of_record
TN:
SF:src/redux/hooks.ts
FN:5,(anonymous_0)
FNF:1
FNH:1
FNDA:44,(anonymous_0)
DA:4,2
DA:5,44
LF:2
LH:2
BRF:0
BRH:0
end_of_record
TN:
SF:src/redux/postSlice.ts
FN:9,(anonymous_0)
FNF:1
FNH:1
FNDA:3,(anonymous_0)
DA:3,4
DA:5,4
DA:10,3
DA:11,3
DA:16,4
LF:5
LH:5
BRF:0
BRH:0
end_of_record
TN:
SF:src/redux/store.ts
FNF:0
FNH:0
DA:12,3
DA:27,3
DA:29,3
DA:31,3
DA:34,3
DA:45,3
DA:47,3
DA:58,3
LF:8
LH:8
BRF:0
BRH:0
end_of_record
TN:
SF:src/routes/Navbar.tsx
FN:5,(anonymous_0)
FN:30,(anonymous_1)
FNF:2
FNH:0
FNDA:0,(anonymous_0)
FNDA:0,(anonymous_1)
DA:5,1
DA:6,0
DA:8,0
DA:13,0
DA:31,0
LF:5
LH:1
BRF:0
BRH:0
end_of_record
TN:
SF:src/routes/ProtectedRoute.tsx
FN:6,(anonymous_0)
FNF:1
FNH:0
FNDA:0,(anonymous_0)
DA:6,1
DA:9,0
DA:11,0
DA:12,0
DA:14,0
LF:5
LH:1
BRDA:11,0,0,0
BRDA:11,0,1,0
BRF:2
BRH:0
end_of_record
TN:
SF:src/server/config.js
FNF:0
FNH:0
DA:3,0
DA:5,0
LF:2
LH:0
BRF:0
BRH:0
end_of_record
TN:
SF:src/shared/types.ts
FNF:0
FNH:0
LF:0
LH:0
BRF:0
BRH:0
end_of_record
TN:
SF:src/state/actionTypes.ts
FNF:0
FNH:0
LF:0
LH:0
BRF:0
BRH:0
end_of_record
TN:
SF:src/state/context.tsx
FN:8,(anonymous_0)
FN:11,(anonymous_1)
FN:12,(anonymous_2)
FNF:3
FNH:1
FNDA:55,(anonymous_0)
FNDA:0,(anonymous_1)
FNDA:0,(anonymous_2)
DA:6,4
DA:8,4
DA:10,55
DA:11,55
DA:12,55
DA:14,55
LF:6
LH:6
BRF:0
BRH:0
end_of_record
TN:
SF:src/state/initialState.ts
FNF:0
FNH:0
DA:16,0
LF:1
LH:0
BRF:0
BRH:0
end_of_record
TN:
SF:src/user-storage/index.ts
FN:6,getStoredUser
FN:11,setStoredUser
FN:15,clearStoredUser
FNF:3
FNH:1
FNDA:198,getStoredUser
FNDA:0,setStoredUser
FNDA:0,clearStoredUser
DA:3,3
DA:7,198
DA:8,198
DA:12,0
DA:16,0
LF:5
LH:3
BRDA:8,0,0,0
BRDA:8,0,1,198
BRF:2
BRH:1
end_of_record
TN:
SF:src/validation/index.ts
FN:16,(anonymous_0)
FN:29,displayZodErrorToast
FN:34,(anonymous_2)
FN:37,(anonymous_3)
FNF:4
FNH:0
FNDA:0,(anonymous_0)
FNDA:0,displayZodErrorToast
FNDA:0,(anonymous_2)
FNDA:0,(anonymous_3)
DA:5,3
DA:12,3
DA:17,0
DA:18,0
DA:33,0
DA:34,0
DA:37,0
DA:38,0
LF:8
LH:2
BRDA:17,0,0,0
BRDA:17,0,1,0
BRF:2
BRH:0
end_of_record
